{"total": {"lines":{"total":176,"covered":70,"skipped":0,"pct":39.77},"statements":{"total":182,"covered":75,"skipped":0,"pct":41.2},"functions":{"total":53,"covered":25,"skipped":0,"pct":47.16},"branches":{"total":54,"covered":23,"skipped":0,"pct":42.59},"branchesTrue":{"total":0,"covered":0,"skipped":0,"pct":100}}
,"/home/Lucas/Projetos-Trybe/sd-025-a-project-recipes-app/src/App.js": {"lines":{"total":3,"covered":1,"skipped":0,"pct":33.33},"functions":{"total":3,"covered":1,"skipped":0,"pct":33.33},"statements":{"total":3,"covered":1,"skipped":0,"pct":33.33},"branches":{"total":0,"covered":0,"skipped":0,"pct":100}}
,"/home/Lucas/Projetos-Trybe/sd-025-a-project-recipes-app/src/components/ButtonStartRecipe.js": {"lines":{"total":1,"covered":0,"skipped":0,"pct":0},"functions":{"total":1,"covered":0,"skipped":0,"pct":0},"statements":{"total":1,"covered":0,"skipped":0,"pct":0},"branches":{"total":0,"covered":0,"skipped":0,"pct":100}}
,"/home/Lucas/Projetos-Trybe/sd-025-a-project-recipes-app/src/components/Footer.js": {"lines":{"total":6,"covered":6,"skipped":0,"pct":100},"functions":{"total":3,"covered":3,"skipped":0,"pct":100},"statements":{"total":6,"covered":6,"skipped":0,"pct":100},"branches":{"total":0,"covered":0,"skipped":0,"pct":100}}
,"/home/Lucas/Projetos-Trybe/sd-025-a-project-recipes-app/src/components/Header.js": {"lines":{"total":6,"covered":6,"skipped":0,"pct":100},"functions":{"total":3,"covered":3,"skipped":0,"pct":100},"statements":{"total":7,"covered":7,"skipped":0,"pct":100},"branches":{"total":4,"covered":4,"skipped":0,"pct":100}}
,"/home/Lucas/Projetos-Trybe/sd-025-a-project-recipes-app/src/components/PageIcon.js": {"lines":{"total":10,"covered":8,"skipped":0,"pct":80},"functions":{"total":2,"covered":2,"skipped":0,"pct":100},"statements":{"total":14,"covered":11,"skipped":0,"pct":78.57},"branches":{"total":8,"covered":5,"skipped":0,"pct":62.5}}
,"/home/Lucas/Projetos-Trybe/sd-025-a-project-recipes-app/src/components/RecipeDetails.js": {"lines":{"total":17,"covered":1,"skipped":0,"pct":5.88},"functions":{"total":3,"covered":0,"skipped":0,"pct":0},"statements":{"total":17,"covered":1,"skipped":0,"pct":5.88},"branches":{"total":4,"covered":0,"skipped":0,"pct":0}}
,"/home/Lucas/Projetos-Trybe/sd-025-a-project-recipes-app/src/components/SearchBar.js": {"lines":{"total":28,"covered":0,"skipped":0,"pct":0},"functions":{"total":4,"covered":0,"skipped":0,"pct":0},"statements":{"total":28,"covered":0,"skipped":0,"pct":0},"branches":{"total":10,"covered":0,"skipped":0,"pct":0}}
,"/home/Lucas/Projetos-Trybe/sd-025-a-project-recipes-app/src/helpers/drinkApi.js": {"lines":{"total":22,"covered":0,"skipped":0,"pct":0},"functions":{"total":5,"covered":0,"skipped":0,"pct":0},"statements":{"total":22,"covered":0,"skipped":0,"pct":0},"branches":{"total":4,"covered":0,"skipped":0,"pct":0}}
,"/home/Lucas/Projetos-Trybe/sd-025-a-project-recipes-app/src/helpers/foodApi.js": {"lines":{"total":22,"covered":0,"skipped":0,"pct":0},"functions":{"total":5,"covered":0,"skipped":0,"pct":0},"statements":{"total":22,"covered":0,"skipped":0,"pct":0},"branches":{"total":4,"covered":0,"skipped":0,"pct":0}}
,"/home/Lucas/Projetos-Trybe/sd-025-a-project-recipes-app/src/helpers/renderWith.js": {"lines":{"total":7,"covered":6,"skipped":0,"pct":85.71},"functions":{"total":5,"covered":4,"skipped":0,"pct":80},"statements":{"total":7,"covered":6,"skipped":0,"pct":85.71},"branches":{"total":9,"covered":5,"skipped":0,"pct":55.55}}
,"/home/Lucas/Projetos-Trybe/sd-025-a-project-recipes-app/src/pages/DoneRecipes.js": {"lines":{"total":1,"covered":0,"skipped":0,"pct":0},"functions":{"total":1,"covered":0,"skipped":0,"pct":0},"statements":{"total":1,"covered":0,"skipped":0,"pct":0},"branches":{"total":0,"covered":0,"skipped":0,"pct":100}}
,"/home/Lucas/Projetos-Trybe/sd-025-a-project-recipes-app/src/pages/Drink.js": {"lines":{"total":0,"covered":0,"skipped":0,"pct":100},"functions":{"total":1,"covered":0,"skipped":0,"pct":0},"statements":{"total":0,"covered":0,"skipped":0,"pct":100},"branches":{"total":0,"covered":0,"skipped":0,"pct":100}}
,"/home/Lucas/Projetos-Trybe/sd-025-a-project-recipes-app/src/pages/FavoriteRecipes.js": {"lines":{"total":1,"covered":0,"skipped":0,"pct":0},"functions":{"total":1,"covered":0,"skipped":0,"pct":0},"statements":{"total":1,"covered":0,"skipped":0,"pct":0},"branches":{"total":0,"covered":0,"skipped":0,"pct":100}}
,"/home/Lucas/Projetos-Trybe/sd-025-a-project-recipes-app/src/pages/Login.js": {"lines":{"total":24,"covered":24,"skipped":0,"pct":100},"functions":{"total":5,"covered":5,"skipped":0,"pct":100},"statements":{"total":24,"covered":24,"skipped":0,"pct":100},"branches":{"total":2,"covered":2,"skipped":0,"pct":100}}
,"/home/Lucas/Projetos-Trybe/sd-025-a-project-recipes-app/src/pages/Meal.js": {"lines":{"total":0,"covered":0,"skipped":0,"pct":100},"functions":{"total":1,"covered":0,"skipped":0,"pct":0},"statements":{"total":0,"covered":0,"skipped":0,"pct":100},"branches":{"total":0,"covered":0,"skipped":0,"pct":100}}
,"/home/Lucas/Projetos-Trybe/sd-025-a-project-recipes-app/src/pages/Profile.js": {"lines":{"total":1,"covered":0,"skipped":0,"pct":0},"functions":{"total":1,"covered":0,"skipped":0,"pct":0},"statements":{"total":1,"covered":0,"skipped":0,"pct":0},"branches":{"total":0,"covered":0,"skipped":0,"pct":100}}
,"/home/Lucas/Projetos-Trybe/sd-025-a-project-recipes-app/src/pages/Recipes.js": {"lines":{"total":8,"covered":8,"skipped":0,"pct":100},"functions":{"total":5,"covered":5,"skipped":0,"pct":100},"statements":{"total":8,"covered":8,"skipped":0,"pct":100},"branches":{"total":4,"covered":4,"skipped":0,"pct":100}}
,"/home/Lucas/Projetos-Trybe/sd-025-a-project-recipes-app/src/redux/actions/index.js": {"lines":{"total":2,"covered":2,"skipped":0,"pct":100},"functions":{"total":1,"covered":1,"skipped":0,"pct":100},"statements":{"total":3,"covered":3,"skipped":0,"pct":100},"branches":{"total":0,"covered":0,"skipped":0,"pct":100}}
,"/home/Lucas/Projetos-Trybe/sd-025-a-project-recipes-app/src/redux/reducers/index.js": {"lines":{"total":1,"covered":1,"skipped":0,"pct":100},"functions":{"total":0,"covered":0,"skipped":0,"pct":100},"statements":{"total":1,"covered":1,"skipped":0,"pct":100},"branches":{"total":0,"covered":0,"skipped":0,"pct":100}}
,"/home/Lucas/Projetos-Trybe/sd-025-a-project-recipes-app/src/redux/reducers/userReducer.js": {"lines":{"total":5,"covered":5,"skipped":0,"pct":100},"functions":{"total":1,"covered":1,"skipped":0,"pct":100},"statements":{"total":5,"covered":5,"skipped":0,"pct":100},"branches":{"total":3,"covered":3,"skipped":0,"pct":100}}
,"/home/Lucas/Projetos-Trybe/sd-025-a-project-recipes-app/src/redux/store/index.js": {"lines":{"total":3,"covered":0,"skipped":0,"pct":0},"functions":{"total":0,"covered":0,"skipped":0,"pct":100},"statements":{"total":3,"covered":0,"skipped":0,"pct":0},"branches":{"total":2,"covered":0,"skipped":0,"pct":0}}
,"/home/Lucas/Projetos-Trybe/sd-025-a-project-recipes-app/src/services/drinkAPI.js": {"lines":{"total":4,"covered":1,"skipped":0,"pct":25},"functions":{"total":1,"covered":0,"skipped":0,"pct":0},"statements":{"total":4,"covered":1,"skipped":0,"pct":25},"branches":{"total":0,"covered":0,"skipped":0,"pct":100}}
,"/home/Lucas/Projetos-Trybe/sd-025-a-project-recipes-app/src/services/foodAPI.js": {"lines":{"total":4,"covered":1,"skipped":0,"pct":25},"functions":{"total":1,"covered":0,"skipped":0,"pct":0},"statements":{"total":4,"covered":1,"skipped":0,"pct":25},"branches":{"total":0,"covered":0,"skipped":0,"pct":100}}
}
