{"total": {"lines":{"total":108,"covered":100,"skipped":0,"pct":92.59},"statements":{"total":117,"covered":108,"skipped":0,"pct":92.3},"functions":{"total":37,"covered":35,"skipped":0,"pct":94.59},"branches":{"total":13,"covered":12,"skipped":0,"pct":92.3},"branchesTrue":{"total":0,"covered":0,"skipped":0,"pct":100}}
,"/home/Lucas/Projetos-Trybe/sd-025-a-project-trybewallet/src/App.js": {"lines":{"total":1,"covered":1,"skipped":0,"pct":100},"functions":{"total":1,"covered":1,"skipped":0,"pct":100},"statements":{"total":1,"covered":1,"skipped":0,"pct":100},"branches":{"total":0,"covered":0,"skipped":0,"pct":100}}
,"/home/Lucas/Projetos-Trybe/sd-025-a-project-trybewallet/src/components/Header.js": {"lines":{"total":14,"covered":14,"skipped":0,"pct":100},"functions":{"total":5,"covered":5,"skipped":0,"pct":100},"statements":{"total":15,"covered":15,"skipped":0,"pct":100},"branches":{"total":2,"covered":2,"skipped":0,"pct":100}}
,"/home/Lucas/Projetos-Trybe/sd-025-a-project-trybewallet/src/components/Table.js": {"lines":{"total":10,"covered":10,"skipped":0,"pct":100},"functions":{"total":4,"covered":4,"skipped":0,"pct":100},"statements":{"total":11,"covered":11,"skipped":0,"pct":100},"branches":{"total":0,"covered":0,"skipped":0,"pct":100}}
,"/home/Lucas/Projetos-Trybe/sd-025-a-project-trybewallet/src/components/WalletForm.js": {"lines":{"total":16,"covered":16,"skipped":0,"pct":100},"functions":{"total":7,"covered":7,"skipped":0,"pct":100},"statements":{"total":18,"covered":18,"skipped":0,"pct":100},"branches":{"total":0,"covered":0,"skipped":0,"pct":100}}
,"/home/Lucas/Projetos-Trybe/sd-025-a-project-trybewallet/src/pages/Login.jsx": {"lines":{"total":22,"covered":22,"skipped":0,"pct":100},"functions":{"total":6,"covered":6,"skipped":0,"pct":100},"statements":{"total":22,"covered":22,"skipped":0,"pct":100},"branches":{"total":2,"covered":2,"skipped":0,"pct":100}}
,"/home/Lucas/Projetos-Trybe/sd-025-a-project-trybewallet/src/pages/Wallet.jsx": {"lines":{"total":1,"covered":1,"skipped":0,"pct":100},"functions":{"total":1,"covered":1,"skipped":0,"pct":100},"statements":{"total":1,"covered":1,"skipped":0,"pct":100},"branches":{"total":0,"covered":0,"skipped":0,"pct":100}}
,"/home/Lucas/Projetos-Trybe/sd-025-a-project-trybewallet/src/redux/actions/index.js": {"lines":{"total":24,"covered":22,"skipped":0,"pct":91.66},"functions":{"total":9,"covered":8,"skipped":0,"pct":88.88},"statements":{"total":29,"covered":26,"skipped":0,"pct":89.65},"branches":{"total":0,"covered":0,"skipped":0,"pct":100}}
,"/home/Lucas/Projetos-Trybe/sd-025-a-project-trybewallet/src/redux/reducers/index.js": {"lines":{"total":1,"covered":1,"skipped":0,"pct":100},"functions":{"total":0,"covered":0,"skipped":0,"pct":100},"statements":{"total":1,"covered":1,"skipped":0,"pct":100},"branches":{"total":0,"covered":0,"skipped":0,"pct":100}}
,"/home/Lucas/Projetos-Trybe/sd-025-a-project-trybewallet/src/redux/reducers/user.js": {"lines":{"total":5,"covered":5,"skipped":0,"pct":100},"functions":{"total":1,"covered":1,"skipped":0,"pct":100},"statements":{"total":5,"covered":5,"skipped":0,"pct":100},"branches":{"total":3,"covered":3,"skipped":0,"pct":100}}
,"/home/Lucas/Projetos-Trybe/sd-025-a-project-trybewallet/src/redux/reducers/wallet.js": {"lines":{"total":9,"covered":8,"skipped":0,"pct":88.88},"functions":{"total":2,"covered":2,"skipped":0,"pct":100},"statements":{"total":9,"covered":8,"skipped":0,"pct":88.88},"branches":{"total":6,"covered":5,"skipped":0,"pct":83.33}}
,"/home/Lucas/Projetos-Trybe/sd-025-a-project-trybewallet/src/services/currenciesAPI.js": {"lines":{"total":5,"covered":0,"skipped":0,"pct":0},"functions":{"total":1,"covered":0,"skipped":0,"pct":0},"statements":{"total":5,"covered":0,"skipped":0,"pct":0},"branches":{"total":0,"covered":0,"skipped":0,"pct":100}}
}
