{
  "stats": {
    "suites": 22,
    "tests": 62,
    "passes": 49,
    "pending": 0,
    "failures": 13,
    "start": "2022-07-15T06:24:16.656Z",
    "end": "2022-07-15T06:26:37.935Z",
    "duration": 141279,
    "testsRegistered": 69,
    "passPercent": 71.01449275362319,
    "pendingPercent": 0,
    "other": 0,
    "hasOther": false,
    "skipped": 7,
    "hasSkipped": true
  },
  "results": [
    {
      "uuid": "63bf31f8-f8c5-4882-a154-93c422126b19",
      "title": "",
      "fullFile": "cypress/integration/project.spec.js",
      "file": "cypress/integration/project.spec.js",
      "beforeHooks": [],
      "afterHooks": [],
      "tests": [],
      "suites": [
        {
          "uuid": "4a96aa80-9719-466c-81ea-9b8e4e227741",
          "title": "Trybewarts",
          "fullFile": "",
          "file": "",
          "beforeHooks": [],
          "afterHooks": [],
          "tests": [],
          "suites": [
            {
              "uuid": "5f0cf353-7f14-4588-917d-f8fd7871bc7b",
              "title": "1 - Crie uma barra verde na parte superior da página",
              "fullFile": "",
              "file": "",
              "beforeHooks": [],
              "afterHooks": [],
              "tests": [
                {
                  "title": "A barra possui a classe `header`",
                  "fullTitle": "Trybewarts 1 - Crie uma barra verde na parte superior da página A barra possui a classe `header`",
                  "timedOut": null,
                  "duration": 261,
                  "state": "passed",
                  "speed": "fast",
                  "pass": true,
                  "fail": false,
                  "pending": false,
                  "context": null,
                  "code": "cy.get(TOP_BAR_SELECTOR).should('exist');",
                  "err": {},
                  "uuid": "94d98762-c48d-4128-a475-28d12fe50c95",
                  "parentUUID": "5f0cf353-7f14-4588-917d-f8fd7871bc7b",
                  "isHook": false,
                  "skipped": false
                },
                {
                  "title": "A classe `header` deve determinar que o elemento é um flex container",
                  "fullTitle": "Trybewarts 1 - Crie uma barra verde na parte superior da página A classe `header` deve determinar que o elemento é um flex container",
                  "timedOut": null,
                  "duration": 162,
                  "state": "passed",
                  "speed": "fast",
                  "pass": true,
                  "fail": false,
                  "pending": false,
                  "context": null,
                  "code": "cy.get(TOP_BAR_SELECTOR).should('have.css', 'display', 'flex');",
                  "err": {},
                  "uuid": "579330a7-e66f-43a3-89b5-611f5ec3c2c2",
                  "parentUUID": "5f0cf353-7f14-4588-917d-f8fd7871bc7b",
                  "isHook": false,
                  "skipped": false
                },
                {
                  "title": "A classe header deve possuir a propriedade `background-color: rgb(50, 167, 145)`",
                  "fullTitle": "Trybewarts 1 - Crie uma barra verde na parte superior da página A classe header deve possuir a propriedade `background-color: rgb(50, 167, 145)`",
                  "timedOut": null,
                  "duration": 108,
                  "state": "passed",
                  "speed": "fast",
                  "pass": true,
                  "fail": false,
                  "pending": false,
                  "context": null,
                  "code": "cy.get(TOP_BAR_SELECTOR).should('have.css', 'background-color', 'rgb(50, 167, 145)');",
                  "err": {},
                  "uuid": "9a71c512-b1b7-47a1-bfeb-758abfcfda0a",
                  "parentUUID": "5f0cf353-7f14-4588-917d-f8fd7871bc7b",
                  "isHook": false,
                  "skipped": false
                }
              ],
              "suites": [],
              "passes": [
                "94d98762-c48d-4128-a475-28d12fe50c95",
                "579330a7-e66f-43a3-89b5-611f5ec3c2c2",
                "9a71c512-b1b7-47a1-bfeb-758abfcfda0a"
              ],
              "failures": [],
              "pending": [],
              "skipped": [],
              "duration": 531,
              "root": false,
              "rootEmpty": false,
              "_timeout": 2000
            },
            {
              "uuid": "5af7bea5-4eed-4887-9934-e6bd6f46b80b",
              "title": "2 - Adicione o logotipo da Trybewarts com a classe `trybewarts-header-logo` na barra superior",
              "fullFile": "",
              "file": "",
              "beforeHooks": [],
              "afterHooks": [],
              "tests": [
                {
                  "title": "Existe um elemento img com a classe `trybewarts-header-logo`",
                  "fullTitle": "Trybewarts 2 - Adicione o logotipo da Trybewarts com a classe `trybewarts-header-logo` na barra superior Existe um elemento img com a classe `trybewarts-header-logo`",
                  "timedOut": null,
                  "duration": 114,
                  "state": "passed",
                  "speed": "fast",
                  "pass": true,
                  "fail": false,
                  "pending": false,
                  "context": null,
                  "code": "cy.get(TRYBEWARTS_LOGO_SELECTOR).should('exist');",
                  "err": {},
                  "uuid": "9c1d564c-a518-4f79-9b3d-65627830b130",
                  "parentUUID": "5af7bea5-4eed-4887-9934-e6bd6f46b80b",
                  "isHook": false,
                  "skipped": false
                },
                {
                  "title": "O atributo src do logotipo aponta para images/trybewarts-header-logo.svg",
                  "fullTitle": "Trybewarts 2 - Adicione o logotipo da Trybewarts com a classe `trybewarts-header-logo` na barra superior O atributo src do logotipo aponta para images/trybewarts-header-logo.svg",
                  "timedOut": null,
                  "duration": 106,
                  "state": "passed",
                  "speed": "fast",
                  "pass": true,
                  "fail": false,
                  "pending": false,
                  "context": null,
                  "code": "cy.get(TRYBEWARTS_LOGO_SELECTOR).should('have.attr', 'src').and('match', /images\\/trybewarts-header-logo\\.svg/);",
                  "err": {},
                  "uuid": "f5a181df-3f16-4efc-8686-e15f12daccf1",
                  "parentUUID": "5af7bea5-4eed-4887-9934-e6bd6f46b80b",
                  "isHook": false,
                  "skipped": false
                }
              ],
              "suites": [],
              "passes": [
                "9c1d564c-a518-4f79-9b3d-65627830b130",
                "f5a181df-3f16-4efc-8686-e15f12daccf1"
              ],
              "failures": [],
              "pending": [],
              "skipped": [],
              "duration": 220,
              "root": false,
              "rootEmpty": false,
              "_timeout": 2000
            },
            {
              "uuid": "09f2cc01-8dc1-4180-880c-b7fa2b18a148",
              "title": "3 - Acrescente um formulário de login no canto direito da barra superior contendo os inputs de email, senha e um botão de login",
              "fullFile": "",
              "file": "",
              "beforeHooks": [],
              "afterHooks": [],
              "tests": [
                {
                  "title": "Existe um formulário com a classe \"trybewarts-login\"",
                  "fullTitle": "Trybewarts 3 - Acrescente um formulário de login no canto direito da barra superior contendo os inputs de email, senha e um botão de login Existe um formulário com a classe \"trybewarts-login\"",
                  "timedOut": null,
                  "duration": 103,
                  "state": "passed",
                  "speed": "fast",
                  "pass": true,
                  "fail": false,
                  "pending": false,
                  "context": null,
                  "code": "cy.get(TRYBEWARTS_LOGIN_FORM_SELECTOR).should('exist');",
                  "err": {},
                  "uuid": "41ffaf79-070f-494a-a257-dd461ae9a721",
                  "parentUUID": "09f2cc01-8dc1-4180-880c-b7fa2b18a148",
                  "isHook": false,
                  "skipped": false
                },
                {
                  "title": "Existe um input com o atributo name igual a \"email\" e o placeholder igual a \"Email\"",
                  "fullTitle": "Trybewarts 3 - Acrescente um formulário de login no canto direito da barra superior contendo os inputs de email, senha e um botão de login Existe um input com o atributo name igual a \"email\" e o placeholder igual a \"Email\"",
                  "timedOut": null,
                  "duration": 119,
                  "state": "passed",
                  "speed": "fast",
                  "pass": true,
                  "fail": false,
                  "pending": false,
                  "context": null,
                  "code": "cy.get(`${TRYBEWARTS_LOGIN_FORM_SELECTOR} input[name=email]`).should('have.attr', 'placeholder').and('match', /Email/);",
                  "err": {},
                  "uuid": "1294fb2d-8111-4b6e-91bf-40258d7a60c1",
                  "parentUUID": "09f2cc01-8dc1-4180-880c-b7fa2b18a148",
                  "isHook": false,
                  "skipped": false
                },
                {
                  "title": "Existe um input com o atributo name igual a \"password\" e o placeholder igual a \"Senha\"",
                  "fullTitle": "Trybewarts 3 - Acrescente um formulário de login no canto direito da barra superior contendo os inputs de email, senha e um botão de login Existe um input com o atributo name igual a \"password\" e o placeholder igual a \"Senha\"",
                  "timedOut": null,
                  "duration": 112,
                  "state": "passed",
                  "speed": "fast",
                  "pass": true,
                  "fail": false,
                  "pending": false,
                  "context": null,
                  "code": "cy.get(`${TRYBEWARTS_LOGIN_FORM_SELECTOR} input[name=password]`).should('have.attr', 'placeholder').and('match', /Senha/);",
                  "err": {},
                  "uuid": "60abead2-0913-41c6-9533-898942856fdd",
                  "parentUUID": "09f2cc01-8dc1-4180-880c-b7fa2b18a148",
                  "isHook": false,
                  "skipped": false
                },
                {
                  "title": "Existe um botão que contém o texto \"Entrar\"",
                  "fullTitle": "Trybewarts 3 - Acrescente um formulário de login no canto direito da barra superior contendo os inputs de email, senha e um botão de login Existe um botão que contém o texto \"Entrar\"",
                  "timedOut": null,
                  "duration": 115,
                  "state": "passed",
                  "speed": "fast",
                  "pass": true,
                  "fail": false,
                  "pending": false,
                  "context": null,
                  "code": "cy.get(`${TRYBEWARTS_LOGIN_FORM_SELECTOR} button`).should('have.text', 'Entrar');",
                  "err": {},
                  "uuid": "c65ed9ee-53bd-4b11-b36c-99b663286108",
                  "parentUUID": "09f2cc01-8dc1-4180-880c-b7fa2b18a148",
                  "isHook": false,
                  "skipped": false
                },
                {
                  "title": "O formulário é um flex container",
                  "fullTitle": "Trybewarts 3 - Acrescente um formulário de login no canto direito da barra superior contendo os inputs de email, senha e um botão de login O formulário é um flex container",
                  "timedOut": null,
                  "duration": 114,
                  "state": "passed",
                  "speed": "fast",
                  "pass": true,
                  "fail": false,
                  "pending": false,
                  "context": null,
                  "code": "cy.get(TRYBEWARTS_LOGIN_FORM_SELECTOR).should('have.css', 'display', 'flex');",
                  "err": {},
                  "uuid": "72b9fdfd-a963-406b-8473-299eaf5e6c34",
                  "parentUUID": "09f2cc01-8dc1-4180-880c-b7fa2b18a148",
                  "isHook": false,
                  "skipped": false
                },
                {
                  "title": "O formulário deve estar a direita da logo",
                  "fullTitle": "Trybewarts 3 - Acrescente um formulário de login no canto direito da barra superior contendo os inputs de email, senha e um botão de login O formulário deve estar a direita da logo",
                  "timedOut": null,
                  "duration": 113,
                  "state": "passed",
                  "speed": "fast",
                  "pass": true,
                  "fail": false,
                  "pending": false,
                  "context": null,
                  "code": "cy.get(TRYBEWARTS_LOGIN_FORM_SELECTOR).should('be.rightOf', TRYBEWARTS_LOGO_SELECTOR);",
                  "err": {},
                  "uuid": "4cb646c3-38b7-4684-8172-1f2f4553192b",
                  "parentUUID": "09f2cc01-8dc1-4180-880c-b7fa2b18a148",
                  "isHook": false,
                  "skipped": false
                },
                {
                  "title": "Ao clicar no botão com login ou senha válidos, emite um alerta contendo o texto \"Olá, Tryber!\"",
                  "fullTitle": "Trybewarts 3 - Acrescente um formulário de login no canto direito da barra superior contendo os inputs de email, senha e um botão de login Ao clicar no botão com login ou senha válidos, emite um alerta contendo o texto \"Olá, Tryber!\"",
                  "timedOut": null,
                  "duration": 988,
                  "state": "passed",
                  "speed": "fast",
                  "pass": true,
                  "fail": false,
                  "pending": false,
                  "context": null,
                  "code": "const stub = cy.stub();\ncy.on('window:alert', stub);\ncy.get(`${TRYBEWARTS_LOGIN_FORM_SELECTOR} input[name=email]`).type('tryber@teste.com');\ncy.get(`${TRYBEWARTS_LOGIN_FORM_SELECTOR} input[name=password]`).type('123456');\ncy.get(`${TRYBEWARTS_LOGIN_FORM_SELECTOR} button`).click().then(() => {\n  expect(stub.getCall(0)).to.be.calledWith('Olá, Tryber!');\n});",
                  "err": {},
                  "uuid": "ed1e83f1-5be6-42a5-ae37-2e08a0dd5d0d",
                  "parentUUID": "09f2cc01-8dc1-4180-880c-b7fa2b18a148",
                  "isHook": false,
                  "skipped": false
                },
                {
                  "title": "Ao clicar no botão com email ou senha inválidos, emite um alerta contendo o texto \"Email ou senha inválidos.\"",
                  "fullTitle": "Trybewarts 3 - Acrescente um formulário de login no canto direito da barra superior contendo os inputs de email, senha e um botão de login Ao clicar no botão com email ou senha inválidos, emite um alerta contendo o texto \"Email ou senha inválidos.\"",
                  "timedOut": null,
                  "duration": 250,
                  "state": "passed",
                  "speed": "fast",
                  "pass": true,
                  "fail": false,
                  "pending": false,
                  "context": null,
                  "code": "const stub = cy.stub();\ncy.on('window:alert', stub);\ncy.get(`${TRYBEWARTS_LOGIN_FORM_SELECTOR} button`).click().then(() => {\n  expect(stub.getCall(0)).to.be.calledWith('Email ou senha inválidos.');\n});",
                  "err": {},
                  "uuid": "46e35916-cf3b-4c7d-8f75-f4f072a033ce",
                  "parentUUID": "09f2cc01-8dc1-4180-880c-b7fa2b18a148",
                  "isHook": false,
                  "skipped": false
                }
              ],
              "suites": [],
              "passes": [
                "41ffaf79-070f-494a-a257-dd461ae9a721",
                "1294fb2d-8111-4b6e-91bf-40258d7a60c1",
                "60abead2-0913-41c6-9533-898942856fdd",
                "c65ed9ee-53bd-4b11-b36c-99b663286108",
                "72b9fdfd-a963-406b-8473-299eaf5e6c34",
                "4cb646c3-38b7-4684-8172-1f2f4553192b",
                "ed1e83f1-5be6-42a5-ae37-2e08a0dd5d0d",
                "46e35916-cf3b-4c7d-8f75-f4f072a033ce"
              ],
              "failures": [],
              "pending": [],
              "skipped": [],
              "duration": 1914,
              "root": false,
              "rootEmpty": false,
              "_timeout": 2000
            },
            {
              "uuid": "3f4083d8-3cc0-4da1-8933-aec6ae766c7d",
              "title": "4 - Crie um título com o texto `Trybewarts` centralizado dentro do `Header`",
              "fullFile": "",
              "file": "",
              "beforeHooks": [],
              "afterHooks": [],
              "tests": [
                {
                  "title": "Existe um elemento h1 com o id \"trybewarts-header-title\" e texto \"Trybewarts",
                  "fullTitle": "Trybewarts 4 - Crie um título com o texto `Trybewarts` centralizado dentro do `Header` Existe um elemento h1 com o id \"trybewarts-header-title\" e texto \"Trybewarts",
                  "timedOut": null,
                  "duration": 143,
                  "state": "passed",
                  "speed": "fast",
                  "pass": true,
                  "fail": false,
                  "pending": false,
                  "context": null,
                  "code": "cy.get(TRYBEWARTS_HEADER_TITLE).should('exist').and('have.text', 'Trybewarts');",
                  "err": {},
                  "uuid": "e2bc6372-3baf-4174-9ba5-3579e923ee7c",
                  "parentUUID": "3f4083d8-3cc0-4da1-8933-aec6ae766c7d",
                  "isHook": false,
                  "skipped": false
                },
                {
                  "title": "O header deve ter exatamente três elementos filhos",
                  "fullTitle": "Trybewarts 4 - Crie um título com o texto `Trybewarts` centralizado dentro do `Header` O header deve ter exatamente três elementos filhos",
                  "timedOut": null,
                  "duration": 128,
                  "state": "passed",
                  "speed": "fast",
                  "pass": true,
                  "fail": false,
                  "pending": false,
                  "context": null,
                  "code": "cy.get(TOP_BAR_SELECTOR).children().should('have.length', 3);",
                  "err": {},
                  "uuid": "ed14a6b4-6c26-4b0d-a7eb-0d9122a1856a",
                  "parentUUID": "3f4083d8-3cc0-4da1-8933-aec6ae766c7d",
                  "isHook": false,
                  "skipped": false
                },
                {
                  "title": "O filho do meio deve ser o título",
                  "fullTitle": "Trybewarts 4 - Crie um título com o texto `Trybewarts` centralizado dentro do `Header` O filho do meio deve ser o título",
                  "timedOut": null,
                  "duration": 123,
                  "state": "passed",
                  "speed": "fast",
                  "pass": true,
                  "fail": false,
                  "pending": false,
                  "context": null,
                  "code": "cy.get(TOP_BAR_SELECTOR).children().eq(1).should('match', TRYBEWARTS_HEADER_TITLE);",
                  "err": {},
                  "uuid": "5c0c95e5-43af-4441-a846-9300214d81e6",
                  "parentUUID": "3f4083d8-3cc0-4da1-8933-aec6ae766c7d",
                  "isHook": false,
                  "skipped": false
                }
              ],
              "suites": [],
              "passes": [
                "e2bc6372-3baf-4174-9ba5-3579e923ee7c",
                "ed14a6b4-6c26-4b0d-a7eb-0d9122a1856a",
                "5c0c95e5-43af-4441-a846-9300214d81e6"
              ],
              "failures": [],
              "pending": [],
              "skipped": [],
              "duration": 394,
              "root": false,
              "rootEmpty": false,
              "_timeout": 2000
            },
            {
              "uuid": "3aea00d6-4135-45ec-b562-328224df9345",
              "title": "5 - Adicione um formulário no corpo da página",
              "fullFile": "",
              "file": "",
              "beforeHooks": [],
              "afterHooks": [],
              "tests": [
                {
                  "title": "Existe um formulário com o id `evaluation-form`",
                  "fullTitle": "Trybewarts 5 - Adicione um formulário no corpo da página Existe um formulário com o id `evaluation-form`",
                  "timedOut": null,
                  "duration": 117,
                  "state": "passed",
                  "speed": "fast",
                  "pass": true,
                  "fail": false,
                  "pending": false,
                  "context": null,
                  "code": "cy.get(EVALUATION_FORM).should('exist');",
                  "err": {},
                  "uuid": "8e09e807-5771-48c5-b22a-fcec76c0662e",
                  "parentUUID": "3aea00d6-4135-45ec-b562-328224df9345",
                  "isHook": false,
                  "skipped": false
                },
                {
                  "title": "O formulário está inserido dentro de uma tag `main`",
                  "fullTitle": "Trybewarts 5 - Adicione um formulário no corpo da página O formulário está inserido dentro de uma tag `main`",
                  "timedOut": null,
                  "duration": 108,
                  "state": "passed",
                  "speed": "fast",
                  "pass": true,
                  "fail": false,
                  "pending": false,
                  "context": null,
                  "code": "cy.get(`main ${EVALUATION_FORM}`).should('exist');",
                  "err": {},
                  "uuid": "9bd6cd2d-95e2-46df-ac39-dffc86d40c59",
                  "parentUUID": "3aea00d6-4135-45ec-b562-328224df9345",
                  "isHook": false,
                  "skipped": false
                },
                {
                  "title": "O elemento main é um flex-container",
                  "fullTitle": "Trybewarts 5 - Adicione um formulário no corpo da página O elemento main é um flex-container",
                  "timedOut": null,
                  "duration": 123,
                  "state": "passed",
                  "speed": "fast",
                  "pass": true,
                  "fail": false,
                  "pending": false,
                  "context": null,
                  "code": "cy.get('main').should('have.css', 'display', 'flex');",
                  "err": {},
                  "uuid": "ed6adff2-b414-4b9c-b192-82b58388ae7f",
                  "parentUUID": "3aea00d6-4135-45ec-b562-328224df9345",
                  "isHook": false,
                  "skipped": false
                },
                {
                  "title": "O formulário é um flex-container",
                  "fullTitle": "Trybewarts 5 - Adicione um formulário no corpo da página O formulário é um flex-container",
                  "timedOut": null,
                  "duration": 126,
                  "state": "passed",
                  "speed": "fast",
                  "pass": true,
                  "fail": false,
                  "pending": false,
                  "context": null,
                  "code": "cy.get(EVALUATION_FORM).should('have.css', 'display', 'flex');",
                  "err": {},
                  "uuid": "a9bcb231-d78a-4d06-8512-56389000afeb",
                  "parentUUID": "3aea00d6-4135-45ec-b562-328224df9345",
                  "isHook": false,
                  "skipped": false
                },
                {
                  "title": "O formulário tem a largura igual a 675px",
                  "fullTitle": "Trybewarts 5 - Adicione um formulário no corpo da página O formulário tem a largura igual a 675px",
                  "timedOut": null,
                  "duration": 121,
                  "state": "passed",
                  "speed": "fast",
                  "pass": true,
                  "fail": false,
                  "pending": false,
                  "context": null,
                  "code": "cy.get(EVALUATION_FORM).should('have.css', 'width', '675px');",
                  "err": {},
                  "uuid": "c3346566-0e48-4565-bef5-b3cb515ec13f",
                  "parentUUID": "3aea00d6-4135-45ec-b562-328224df9345",
                  "isHook": false,
                  "skipped": false
                }
              ],
              "suites": [],
              "passes": [
                "8e09e807-5771-48c5-b22a-fcec76c0662e",
                "9bd6cd2d-95e2-46df-ac39-dffc86d40c59",
                "ed6adff2-b414-4b9c-b192-82b58388ae7f",
                "a9bcb231-d78a-4d06-8512-56389000afeb",
                "c3346566-0e48-4565-bef5-b3cb515ec13f"
              ],
              "failures": [],
              "pending": [],
              "skipped": [],
              "duration": 595,
              "root": false,
              "rootEmpty": false,
              "_timeout": 2000
            },
            {
              "uuid": "539cdb09-d7cb-47ef-85ca-5ade4666da99",
              "title": "6 - Faça com que o eixo principal do formulário seja vertical",
              "fullFile": "",
              "file": "",
              "beforeHooks": [],
              "afterHooks": [],
              "tests": [
                {
                  "title": "O eixo principal do formulário com id \"evaluation-form\" é vertical",
                  "fullTitle": "Trybewarts 6 - Faça com que o eixo principal do formulário seja vertical O eixo principal do formulário com id \"evaluation-form\" é vertical",
                  "timedOut": null,
                  "duration": 115,
                  "state": "passed",
                  "speed": "fast",
                  "pass": true,
                  "fail": false,
                  "pending": false,
                  "context": null,
                  "code": "cy.get(EVALUATION_FORM).should('have.css', 'flex-direction', 'column');",
                  "err": {},
                  "uuid": "9e8058bf-199e-45c2-b9d8-8bb5238ec9ef",
                  "parentUUID": "539cdb09-d7cb-47ef-85ca-5ade4666da99",
                  "isHook": false,
                  "skipped": false
                }
              ],
              "suites": [],
              "passes": [
                "9e8058bf-199e-45c2-b9d8-8bb5238ec9ef"
              ],
              "failures": [],
              "pending": [],
              "skipped": [],
              "duration": 115,
              "root": false,
              "rootEmpty": false,
              "_timeout": 2000
            },
            {
              "uuid": "53296a26-3311-4623-8fc3-d539de512a38",
              "title": "7 - Adicione a logo da Trybewarts no lado direito da página",
              "fullFile": "",
              "file": "",
              "beforeHooks": [],
              "afterHooks": [],
              "tests": [
                {
                  "title": "Possui o id trybewarts-forms-logo",
                  "fullTitle": "Trybewarts 7 - Adicione a logo da Trybewarts no lado direito da página Possui o id trybewarts-forms-logo",
                  "timedOut": null,
                  "duration": 125,
                  "state": "passed",
                  "speed": "fast",
                  "pass": true,
                  "fail": false,
                  "pending": false,
                  "context": null,
                  "code": "cy.get(TRYBEWARTS_LOGO_FORMS_SELECTOR).should('exist');",
                  "err": {},
                  "uuid": "b0d630e8-7e1c-4561-bf74-e6713f957d39",
                  "parentUUID": "53296a26-3311-4623-8fc3-d539de512a38",
                  "isHook": false,
                  "skipped": false
                },
                {
                  "title": "O atributo `src` do logotipo aponta para `images/trybewarts-colored.svg`",
                  "fullTitle": "Trybewarts 7 - Adicione a logo da Trybewarts no lado direito da página O atributo `src` do logotipo aponta para `images/trybewarts-colored.svg`",
                  "timedOut": null,
                  "duration": 110,
                  "state": "passed",
                  "speed": "fast",
                  "pass": true,
                  "fail": false,
                  "pending": false,
                  "context": null,
                  "code": "cy.get(TRYBEWARTS_LOGO_FORMS_SELECTOR).should('have.attr', 'src').and('match', /images\\/trybewarts-colored\\.svg/);",
                  "err": {},
                  "uuid": "93af98d2-fb28-49a0-935c-9514c84330ee",
                  "parentUUID": "53296a26-3311-4623-8fc3-d539de512a38",
                  "isHook": false,
                  "skipped": false
                },
                {
                  "title": "A imagem deve possuir um `height` de `500px`",
                  "fullTitle": "Trybewarts 7 - Adicione a logo da Trybewarts no lado direito da página A imagem deve possuir um `height` de `500px`",
                  "timedOut": null,
                  "duration": 111,
                  "state": "passed",
                  "speed": "fast",
                  "pass": true,
                  "fail": false,
                  "pending": false,
                  "context": null,
                  "code": "cy.get(TRYBEWARTS_LOGO_FORMS_SELECTOR).should('have.css', 'height', '500px');",
                  "err": {},
                  "uuid": "03c2faf7-3bc2-42e6-8c2e-2d3b82d1f431",
                  "parentUUID": "53296a26-3311-4623-8fc3-d539de512a38",
                  "isHook": false,
                  "skipped": false
                },
                {
                  "title": "A imagem deve estar posicionada a direita do formulário com id `evaluation-form`",
                  "fullTitle": "Trybewarts 7 - Adicione a logo da Trybewarts no lado direito da página A imagem deve estar posicionada a direita do formulário com id `evaluation-form`",
                  "timedOut": null,
                  "duration": 121,
                  "state": "passed",
                  "speed": "fast",
                  "pass": true,
                  "fail": false,
                  "pending": false,
                  "context": null,
                  "code": "cy.get(TRYBEWARTS_LOGO_FORMS_SELECTOR).should('be.rightOf', EVALUATION_FORM);",
                  "err": {},
                  "uuid": "05794390-5511-4877-b8c4-7777e462c819",
                  "parentUUID": "53296a26-3311-4623-8fc3-d539de512a38",
                  "isHook": false,
                  "skipped": false
                }
              ],
              "suites": [],
              "passes": [
                "b0d630e8-7e1c-4561-bf74-e6713f957d39",
                "93af98d2-fb28-49a0-935c-9514c84330ee",
                "03c2faf7-3bc2-42e6-8c2e-2d3b82d1f431",
                "05794390-5511-4877-b8c4-7777e462c819"
              ],
              "failures": [],
              "pending": [],
              "skipped": [],
              "duration": 467,
              "root": false,
              "rootEmpty": false,
              "_timeout": 2000
            },
            {
              "uuid": "5efff1da-5cd1-4399-87f7-f6b39beffbb3",
              "title": "8 - Acrescente ao formulário com id `evaluation-form` os inputs de `nome, sobrenome e email`",
              "fullFile": "",
              "file": "",
              "beforeHooks": [],
              "afterHooks": [],
              "tests": [
                {
                  "title": "Existe um input com o id \"input-name\" e placeholder \"Nome\"",
                  "fullTitle": "Trybewarts 8 - Acrescente ao formulário com id `evaluation-form` os inputs de `nome, sobrenome e email` Existe um input com o id \"input-name\" e placeholder \"Nome\"",
                  "timedOut": null,
                  "duration": 119,
                  "state": "passed",
                  "speed": "fast",
                  "pass": true,
                  "fail": false,
                  "pending": false,
                  "context": null,
                  "code": "cy.get(`input#${id}`).should('exist').and('have.attr', 'placeholder', placeholder);",
                  "err": {},
                  "uuid": "55d6b0ad-7b00-4626-a3d3-fcffb36699d5",
                  "parentUUID": "5efff1da-5cd1-4399-87f7-f6b39beffbb3",
                  "isHook": false,
                  "skipped": false
                },
                {
                  "title": "Existe um input com o id \"input-lastname\" e placeholder \"Sobrenome\"",
                  "fullTitle": "Trybewarts 8 - Acrescente ao formulário com id `evaluation-form` os inputs de `nome, sobrenome e email` Existe um input com o id \"input-lastname\" e placeholder \"Sobrenome\"",
                  "timedOut": null,
                  "duration": 115,
                  "state": "passed",
                  "speed": "fast",
                  "pass": true,
                  "fail": false,
                  "pending": false,
                  "context": null,
                  "code": "cy.get(`input#${id}`).should('exist').and('have.attr', 'placeholder', placeholder);",
                  "err": {},
                  "uuid": "3bc4395f-13ea-4cdf-be24-d07e7accc4d7",
                  "parentUUID": "5efff1da-5cd1-4399-87f7-f6b39beffbb3",
                  "isHook": false,
                  "skipped": false
                },
                {
                  "title": "Existe um input com o id \"input-email\" e placeholder \"Email\"",
                  "fullTitle": "Trybewarts 8 - Acrescente ao formulário com id `evaluation-form` os inputs de `nome, sobrenome e email` Existe um input com o id \"input-email\" e placeholder \"Email\"",
                  "timedOut": null,
                  "duration": 107,
                  "state": "passed",
                  "speed": "fast",
                  "pass": true,
                  "fail": false,
                  "pending": false,
                  "context": null,
                  "code": "cy.get(`input#${id}`).should('exist').and('have.attr', 'placeholder', placeholder);",
                  "err": {},
                  "uuid": "392ecd66-75f5-4ae8-80ce-2d24f0881eaf",
                  "parentUUID": "5efff1da-5cd1-4399-87f7-f6b39beffbb3",
                  "isHook": false,
                  "skipped": false
                }
              ],
              "suites": [],
              "passes": [
                "55d6b0ad-7b00-4626-a3d3-fcffb36699d5",
                "3bc4395f-13ea-4cdf-be24-d07e7accc4d7",
                "392ecd66-75f5-4ae8-80ce-2d24f0881eaf"
              ],
              "failures": [],
              "pending": [],
              "skipped": [],
              "duration": 341,
              "root": false,
              "rootEmpty": false,
              "_timeout": 2000
            },
            {
              "uuid": "04ff944b-cb45-4494-8239-9716bfe9891d",
              "title": "9 - Acrescente ao formulário um select com o id `house` contendo as opções `Gitnória`, `Reactpuff`, `Corvinode` e `Pytherina`",
              "fullFile": "",
              "file": "",
              "beforeHooks": [],
              "afterHooks": [],
              "tests": [
                {
                  "title": "Existe uma option com text e value igual a \"Gitnória\" e id igual a \"gitnoria-house\"",
                  "fullTitle": "Trybewarts 9 - Acrescente ao formulário um select com o id `house` contendo as opções `Gitnória`, `Reactpuff`, `Corvinode` e `Pytherina` Existe uma option com text e value igual a \"Gitnória\" e id igual a \"gitnoria-house\"",
                  "timedOut": null,
                  "duration": 153,
                  "state": "passed",
                  "speed": "fast",
                  "pass": true,
                  "fail": false,
                  "pending": false,
                  "context": null,
                  "code": "cy.get(`${HOUSES_SELECTOR} option#${id}`).then(option => {\n  expect(option).to.have.text(name);\n  expect(option).to.have.value(name);\n});",
                  "err": {},
                  "uuid": "623c4db5-0e14-470b-b448-439ef7abd86e",
                  "parentUUID": "04ff944b-cb45-4494-8239-9716bfe9891d",
                  "isHook": false,
                  "skipped": false
                },
                {
                  "title": "Existe uma option com text e value igual a \"Reactpuff\" e id igual a \"reactpuff-house\"",
                  "fullTitle": "Trybewarts 9 - Acrescente ao formulário um select com o id `house` contendo as opções `Gitnória`, `Reactpuff`, `Corvinode` e `Pytherina` Existe uma option com text e value igual a \"Reactpuff\" e id igual a \"reactpuff-house\"",
                  "timedOut": null,
                  "duration": 135,
                  "state": "passed",
                  "speed": "fast",
                  "pass": true,
                  "fail": false,
                  "pending": false,
                  "context": null,
                  "code": "cy.get(`${HOUSES_SELECTOR} option#${id}`).then(option => {\n  expect(option).to.have.text(name);\n  expect(option).to.have.value(name);\n});",
                  "err": {},
                  "uuid": "f1f4f970-0eae-4cdd-800c-f5ba94254267",
                  "parentUUID": "04ff944b-cb45-4494-8239-9716bfe9891d",
                  "isHook": false,
                  "skipped": false
                },
                {
                  "title": "Existe uma option com text e value igual a \"Corvinode\" e id igual a \"corvinode-house\"",
                  "fullTitle": "Trybewarts 9 - Acrescente ao formulário um select com o id `house` contendo as opções `Gitnória`, `Reactpuff`, `Corvinode` e `Pytherina` Existe uma option com text e value igual a \"Corvinode\" e id igual a \"corvinode-house\"",
                  "timedOut": null,
                  "duration": 120,
                  "state": "passed",
                  "speed": "fast",
                  "pass": true,
                  "fail": false,
                  "pending": false,
                  "context": null,
                  "code": "cy.get(`${HOUSES_SELECTOR} option#${id}`).then(option => {\n  expect(option).to.have.text(name);\n  expect(option).to.have.value(name);\n});",
                  "err": {},
                  "uuid": "629a2152-2c00-43e4-9152-ba2f07bfb70f",
                  "parentUUID": "04ff944b-cb45-4494-8239-9716bfe9891d",
                  "isHook": false,
                  "skipped": false
                },
                {
                  "title": "Existe uma option com text e value igual a \"Pytherina\" e id igual a \"pytherina-house\"",
                  "fullTitle": "Trybewarts 9 - Acrescente ao formulário um select com o id `house` contendo as opções `Gitnória`, `Reactpuff`, `Corvinode` e `Pytherina` Existe uma option com text e value igual a \"Pytherina\" e id igual a \"pytherina-house\"",
                  "timedOut": null,
                  "duration": 126,
                  "state": "passed",
                  "speed": "fast",
                  "pass": true,
                  "fail": false,
                  "pending": false,
                  "context": null,
                  "code": "cy.get(`${HOUSES_SELECTOR} option#${id}`).then(option => {\n  expect(option).to.have.text(name);\n  expect(option).to.have.value(name);\n});",
                  "err": {},
                  "uuid": "4dfc8fd1-d131-406b-a1d7-20d853b7ecc7",
                  "parentUUID": "04ff944b-cb45-4494-8239-9716bfe9891d",
                  "isHook": false,
                  "skipped": false
                }
              ],
              "suites": [],
              "passes": [
                "623c4db5-0e14-470b-b448-439ef7abd86e",
                "f1f4f970-0eae-4cdd-800c-f5ba94254267",
                "629a2152-2c00-43e4-9152-ba2f07bfb70f",
                "4dfc8fd1-d131-406b-a1d7-20d853b7ecc7"
              ],
              "failures": [],
              "pending": [],
              "skipped": [],
              "duration": 534,
              "root": false,
              "rootEmpty": false,
              "_timeout": 2000
            },
            {
              "uuid": "a8aefd07-cf63-4236-9d76-f49df34b051e",
              "title": "10 - Posicione os campos de `Nome` e `Sobrenome` para que fiquem em linha",
              "fullFile": "",
              "file": "",
              "beforeHooks": [],
              "afterHooks": [],
              "tests": [
                {
                  "title": "O campo de \"Sobrenome\" está a direita do campo de \"Nome\"",
                  "fullTitle": "Trybewarts 10 - Posicione os campos de `Nome` e `Sobrenome` para que fiquem em linha O campo de \"Sobrenome\" está a direita do campo de \"Nome\"",
                  "timedOut": null,
                  "duration": 119,
                  "state": "passed",
                  "speed": "fast",
                  "pass": true,
                  "fail": false,
                  "pending": false,
                  "context": null,
                  "code": "cy.get(USER_LASTNAME_INPUT_SELECTOR).should('be.rightOf', USER_NAME_INPUT_SELECTOR);",
                  "err": {},
                  "uuid": "9e34d80d-370a-43a0-9117-9509bf4db351",
                  "parentUUID": "a8aefd07-cf63-4236-9d76-f49df34b051e",
                  "isHook": false,
                  "skipped": false
                }
              ],
              "suites": [],
              "passes": [
                "9e34d80d-370a-43a0-9117-9509bf4db351"
              ],
              "failures": [],
              "pending": [],
              "skipped": [],
              "duration": 119,
              "root": false,
              "rootEmpty": false,
              "_timeout": 2000
            },
            {
              "uuid": "9df900c6-7994-4c35-afc8-e0ee83e8ceef",
              "title": "11 - Posicione os campos de `Email` e `Casa` para que fiquem em linha",
              "fullFile": "",
              "file": "",
              "beforeHooks": [],
              "afterHooks": [],
              "tests": [
                {
                  "title": "O select das casas está a direita do campo de \"Email\"",
                  "fullTitle": "Trybewarts 11 - Posicione os campos de `Email` e `Casa` para que fiquem em linha O select das casas está a direita do campo de \"Email\"",
                  "timedOut": null,
                  "duration": 118,
                  "state": "passed",
                  "speed": "fast",
                  "pass": true,
                  "fail": false,
                  "pending": false,
                  "context": null,
                  "code": "cy.get(HOUSES_SELECTOR).should('be.rightOf', USER_EMAIL_INPUT_SELECTOR);",
                  "err": {},
                  "uuid": "9d2a5968-015d-4ddf-8ce2-54cec1734f53",
                  "parentUUID": "9df900c6-7994-4c35-afc8-e0ee83e8ceef",
                  "isHook": false,
                  "skipped": false
                }
              ],
              "suites": [],
              "passes": [
                "9d2a5968-015d-4ddf-8ce2-54cec1734f53"
              ],
              "failures": [],
              "pending": [],
              "skipped": [],
              "duration": 118,
              "root": false,
              "rootEmpty": false,
              "_timeout": 2000
            },
            {
              "uuid": "5e490bb3-c666-4b03-bb1c-095f0a2abe70",
              "title": "12 - Acrescente ao formulário um campo de entrada para qual família a pessoa estudante se identifica",
              "fullFile": "",
              "file": "",
              "beforeHooks": [],
              "afterHooks": [],
              "tests": [
                {
                  "title": "Um elemento com o id \"label-family\" e o texto \"Qual sua família?\" deverá ser criado",
                  "fullTitle": "Trybewarts 12 - Acrescente ao formulário um campo de entrada para qual família a pessoa estudante se identifica Um elemento com o id \"label-family\" e o texto \"Qual sua família?\" deverá ser criado",
                  "timedOut": null,
                  "duration": 116,
                  "state": "passed",
                  "speed": "fast",
                  "pass": true,
                  "fail": false,
                  "pending": false,
                  "context": null,
                  "code": "cy.get(`${EVALUATION_FORM} #label-family`).should('have.text', LABEL_FAMILY_TEXT);",
                  "err": {},
                  "uuid": "7296b433-4608-4ec9-baf3-214462b4e3a0",
                  "parentUUID": "5e490bb3-c666-4b03-bb1c-095f0a2abe70",
                  "isHook": false,
                  "skipped": false
                },
                {
                  "title": "Deverá haver um input do tipo radio, com value igual a \"Frontend\" e name igual a \"family\"",
                  "fullTitle": "Trybewarts 12 - Acrescente ao formulário um campo de entrada para qual família a pessoa estudante se identifica Deverá haver um input do tipo radio, com value igual a \"Frontend\" e name igual a \"family\"",
                  "timedOut": null,
                  "duration": 159,
                  "state": "passed",
                  "speed": "fast",
                  "pass": true,
                  "fail": false,
                  "pending": false,
                  "context": null,
                  "code": "cy.get(`input[value=${family}]`).should('exist').and('have.attr', 'type', 'radio').and('have.attr', 'name', 'family');",
                  "err": {},
                  "uuid": "4fa61ca2-2f41-4393-b1a1-a4d0c715cdc7",
                  "parentUUID": "5e490bb3-c666-4b03-bb1c-095f0a2abe70",
                  "isHook": false,
                  "skipped": false
                },
                {
                  "title": "Deverá haver um input do tipo radio, com value igual a \"Backend\" e name igual a \"family\"",
                  "fullTitle": "Trybewarts 12 - Acrescente ao formulário um campo de entrada para qual família a pessoa estudante se identifica Deverá haver um input do tipo radio, com value igual a \"Backend\" e name igual a \"family\"",
                  "timedOut": null,
                  "duration": 117,
                  "state": "passed",
                  "speed": "fast",
                  "pass": true,
                  "fail": false,
                  "pending": false,
                  "context": null,
                  "code": "cy.get(`input[value=${family}]`).should('exist').and('have.attr', 'type', 'radio').and('have.attr', 'name', 'family');",
                  "err": {},
                  "uuid": "9d80d32d-2add-4129-b4ed-969fdb6fe186",
                  "parentUUID": "5e490bb3-c666-4b03-bb1c-095f0a2abe70",
                  "isHook": false,
                  "skipped": false
                },
                {
                  "title": "Deverá haver um input do tipo radio, com value igual a \"FullStack\" e name igual a \"family\"",
                  "fullTitle": "Trybewarts 12 - Acrescente ao formulário um campo de entrada para qual família a pessoa estudante se identifica Deverá haver um input do tipo radio, com value igual a \"FullStack\" e name igual a \"family\"",
                  "timedOut": null,
                  "duration": 115,
                  "state": "passed",
                  "speed": "fast",
                  "pass": true,
                  "fail": false,
                  "pending": false,
                  "context": null,
                  "code": "cy.get(`input[value=${family}]`).should('exist').and('have.attr', 'type', 'radio').and('have.attr', 'name', 'family');",
                  "err": {},
                  "uuid": "14052823-35d2-4dd2-a48e-7e157fdeaefa",
                  "parentUUID": "5e490bb3-c666-4b03-bb1c-095f0a2abe70",
                  "isHook": false,
                  "skipped": false
                },
                {
                  "title": "Posicione os radio buttons para ficar abaixo um do outro, na sequência \"Frontend\", \"Backend\" e \"Fullstack\"",
                  "fullTitle": "Trybewarts 12 - Acrescente ao formulário um campo de entrada para qual família a pessoa estudante se identifica Posicione os radio buttons para ficar abaixo um do outro, na sequência \"Frontend\", \"Backend\" e \"Fullstack\"",
                  "timedOut": null,
                  "duration": 119,
                  "state": "passed",
                  "speed": "fast",
                  "pass": true,
                  "fail": false,
                  "pending": false,
                  "context": null,
                  "code": "cy.get('input[value=\"Backend\"]').should('be.below', 'input[value=\"Frontend\"]');\ncy.get('input[value=\"FullStack\"]').should('be.below', 'input[value=\"Backend\"]');",
                  "err": {},
                  "uuid": "db4c1b62-d536-4747-b9ae-a70b7a419981",
                  "parentUUID": "5e490bb3-c666-4b03-bb1c-095f0a2abe70",
                  "isHook": false,
                  "skipped": false
                },
                {
                  "title": "Posicione os radio buttons abaixo do label com id \"label-family\"",
                  "fullTitle": "Trybewarts 12 - Acrescente ao formulário um campo de entrada para qual família a pessoa estudante se identifica Posicione os radio buttons abaixo do label com id \"label-family\"",
                  "timedOut": null,
                  "duration": 140,
                  "state": "passed",
                  "speed": "fast",
                  "pass": true,
                  "fail": false,
                  "pending": false,
                  "context": null,
                  "code": "FAMILIES.forEach(family => {\n  cy.get(`input[value=\"${family}\"]`).should('be.below', '#label-family');\n});",
                  "err": {},
                  "uuid": "bbd00994-3900-402e-b172-4058aa6aea75",
                  "parentUUID": "5e490bb3-c666-4b03-bb1c-095f0a2abe70",
                  "isHook": false,
                  "skipped": false
                }
              ],
              "suites": [],
              "passes": [
                "7296b433-4608-4ec9-baf3-214462b4e3a0",
                "4fa61ca2-2f41-4393-b1a1-a4d0c715cdc7",
                "9d80d32d-2add-4129-b4ed-969fdb6fe186",
                "14052823-35d2-4dd2-a48e-7e157fdeaefa",
                "db4c1b62-d536-4747-b9ae-a70b7a419981",
                "bbd00994-3900-402e-b172-4058aa6aea75"
              ],
              "failures": [],
              "pending": [],
              "skipped": [],
              "duration": 766,
              "root": false,
              "rootEmpty": false,
              "_timeout": 2000
            },
            {
              "uuid": "8b67721e-ae74-457f-bbae-2bc1fa268a2e",
              "title": "13 - Crie campos de entrada do tipo `checkbox` contendo seis opções",
              "fullFile": "",
              "file": "",
              "beforeHooks": [],
              "afterHooks": [],
              "tests": [
                {
                  "title": "Existe um elemento com o id \"label-content\" e o texto \"Qual conteúdo você está com mais vontade de aprender?\"",
                  "fullTitle": "Trybewarts 13 - Crie campos de entrada do tipo `checkbox` contendo seis opções Existe um elemento com o id \"label-content\" e o texto \"Qual conteúdo você está com mais vontade de aprender?\"",
                  "timedOut": null,
                  "duration": 119,
                  "state": "passed",
                  "speed": "fast",
                  "pass": true,
                  "fail": false,
                  "pending": false,
                  "context": null,
                  "code": "cy.get('#label-content').contains(LABEL_CONTENT_TEXT);",
                  "err": {},
                  "uuid": "b7793c0a-a01a-4ac4-9b9f-2667d531f29f",
                  "parentUUID": "8b67721e-ae74-457f-bbae-2bc1fa268a2e",
                  "isHook": false,
                  "skipped": false
                },
                {
                  "title": "Existe uma checkbox com a classe \"subject\" e value igual a HoFs",
                  "fullTitle": "Trybewarts 13 - Crie campos de entrada do tipo `checkbox` contendo seis opções Existe uma checkbox com a classe \"subject\" e value igual a HoFs",
                  "timedOut": null,
                  "duration": 108,
                  "state": "passed",
                  "speed": "fast",
                  "pass": true,
                  "fail": false,
                  "pending": false,
                  "context": null,
                  "code": "cy.get(`${EVALUATION_FORM} input[value=${checkbox}]`).should('exist').and('have.class', 'subject');",
                  "err": {},
                  "uuid": "1d4ebcc3-b1d7-4c4e-80fa-f5dc32b81347",
                  "parentUUID": "8b67721e-ae74-457f-bbae-2bc1fa268a2e",
                  "isHook": false,
                  "skipped": false
                },
                {
                  "title": "Existe uma checkbox com a classe \"subject\" e value igual a Jest",
                  "fullTitle": "Trybewarts 13 - Crie campos de entrada do tipo `checkbox` contendo seis opções Existe uma checkbox com a classe \"subject\" e value igual a Jest",
                  "timedOut": null,
                  "duration": 130,
                  "state": "passed",
                  "speed": "fast",
                  "pass": true,
                  "fail": false,
                  "pending": false,
                  "context": null,
                  "code": "cy.get(`${EVALUATION_FORM} input[value=${checkbox}]`).should('exist').and('have.class', 'subject');",
                  "err": {},
                  "uuid": "56af80e0-3839-43a4-92b1-08761f52ad0b",
                  "parentUUID": "8b67721e-ae74-457f-bbae-2bc1fa268a2e",
                  "isHook": false,
                  "skipped": false
                },
                {
                  "title": "Existe uma checkbox com a classe \"subject\" e value igual a Promises",
                  "fullTitle": "Trybewarts 13 - Crie campos de entrada do tipo `checkbox` contendo seis opções Existe uma checkbox com a classe \"subject\" e value igual a Promises",
                  "timedOut": null,
                  "duration": 116,
                  "state": "passed",
                  "speed": "fast",
                  "pass": true,
                  "fail": false,
                  "pending": false,
                  "context": null,
                  "code": "cy.get(`${EVALUATION_FORM} input[value=${checkbox}]`).should('exist').and('have.class', 'subject');",
                  "err": {},
                  "uuid": "40565f9b-b467-4da8-9f69-c6ff166655dc",
                  "parentUUID": "8b67721e-ae74-457f-bbae-2bc1fa268a2e",
                  "isHook": false,
                  "skipped": false
                },
                {
                  "title": "Existe uma checkbox com a classe \"subject\" e value igual a React",
                  "fullTitle": "Trybewarts 13 - Crie campos de entrada do tipo `checkbox` contendo seis opções Existe uma checkbox com a classe \"subject\" e value igual a React",
                  "timedOut": null,
                  "duration": 114,
                  "state": "passed",
                  "speed": "fast",
                  "pass": true,
                  "fail": false,
                  "pending": false,
                  "context": null,
                  "code": "cy.get(`${EVALUATION_FORM} input[value=${checkbox}]`).should('exist').and('have.class', 'subject');",
                  "err": {},
                  "uuid": "aa1a6680-efa5-4e3d-8890-7138b945b262",
                  "parentUUID": "8b67721e-ae74-457f-bbae-2bc1fa268a2e",
                  "isHook": false,
                  "skipped": false
                },
                {
                  "title": "Existe uma checkbox com a classe \"subject\" e value igual a SQL",
                  "fullTitle": "Trybewarts 13 - Crie campos de entrada do tipo `checkbox` contendo seis opções Existe uma checkbox com a classe \"subject\" e value igual a SQL",
                  "timedOut": null,
                  "duration": 118,
                  "state": "passed",
                  "speed": "fast",
                  "pass": true,
                  "fail": false,
                  "pending": false,
                  "context": null,
                  "code": "cy.get(`${EVALUATION_FORM} input[value=${checkbox}]`).should('exist').and('have.class', 'subject');",
                  "err": {},
                  "uuid": "4aa7c667-a8e8-4f70-95fe-2b30f2a4ae77",
                  "parentUUID": "8b67721e-ae74-457f-bbae-2bc1fa268a2e",
                  "isHook": false,
                  "skipped": false
                },
                {
                  "title": "Existe uma checkbox com a classe \"subject\" e value igual a Python",
                  "fullTitle": "Trybewarts 13 - Crie campos de entrada do tipo `checkbox` contendo seis opções Existe uma checkbox com a classe \"subject\" e value igual a Python",
                  "timedOut": null,
                  "duration": 115,
                  "state": "passed",
                  "speed": "fast",
                  "pass": true,
                  "fail": false,
                  "pending": false,
                  "context": null,
                  "code": "cy.get(`${EVALUATION_FORM} input[value=${checkbox}]`).should('exist').and('have.class', 'subject');",
                  "err": {},
                  "uuid": "5866248b-5f53-4cc3-95c2-fa8e8ccee613",
                  "parentUUID": "8b67721e-ae74-457f-bbae-2bc1fa268a2e",
                  "isHook": false,
                  "skipped": false
                },
                {
                  "title": "As checkboxes estão posicionadas abaixo do label com id \"label-content\"",
                  "fullTitle": "Trybewarts 13 - Crie campos de entrada do tipo `checkbox` contendo seis opções As checkboxes estão posicionadas abaixo do label com id \"label-content\"",
                  "timedOut": null,
                  "duration": 145,
                  "state": "passed",
                  "speed": "fast",
                  "pass": true,
                  "fail": false,
                  "pending": false,
                  "context": null,
                  "code": "CHECKBOXES.forEach(checkbox => {\n  cy.get(`${EVALUATION_FORM} input[value=${checkbox}]`).should('be.below', `${EVALUATION_FORM} #label-content`);\n});",
                  "err": {},
                  "uuid": "f98c74b7-7e8b-4ccc-9e9e-73b0167fcd2d",
                  "parentUUID": "8b67721e-ae74-457f-bbae-2bc1fa268a2e",
                  "isHook": false,
                  "skipped": false
                }
              ],
              "suites": [],
              "passes": [
                "b7793c0a-a01a-4ac4-9b9f-2667d531f29f",
                "1d4ebcc3-b1d7-4c4e-80fa-f5dc32b81347",
                "56af80e0-3839-43a4-92b1-08761f52ad0b",
                "40565f9b-b467-4da8-9f69-c6ff166655dc",
                "aa1a6680-efa5-4e3d-8890-7138b945b262",
                "4aa7c667-a8e8-4f70-95fe-2b30f2a4ae77",
                "5866248b-5f53-4cc3-95c2-fa8e8ccee613",
                "f98c74b7-7e8b-4ccc-9e9e-73b0167fcd2d"
              ],
              "failures": [],
              "pending": [],
              "skipped": [],
              "duration": 965,
              "root": false,
              "rootEmpty": false,
              "_timeout": 2000
            },
            {
              "uuid": "dc0a6f3f-7066-4371-8437-48839f8330bc",
              "title": "14 - Crie campo de entrada para avaliar de 1 a 10 o nível de satisfação com a Trybewarts",
              "fullFile": "",
              "file": "",
              "beforeHooks": [],
              "afterHooks": [],
              "tests": [
                {
                  "title": "Um elemento com o id label-rate e o texto \"Como você avalia a Trybewarts?\" deverá ser criado",
                  "fullTitle": "Trybewarts 14 - Crie campo de entrada para avaliar de 1 a 10 o nível de satisfação com a Trybewarts Um elemento com o id label-rate e o texto \"Como você avalia a Trybewarts?\" deverá ser criado",
                  "timedOut": null,
                  "duration": 10117,
                  "state": "failed",
                  "speed": null,
                  "pass": false,
                  "fail": true,
                  "pending": false,
                  "context": null,
                  "code": "cy.get('#label-rate').contains(LABEL_RATE_TEXT);",
                  "err": {
                    "message": "AssertionError: Timed out retrying after 10000ms: Expected to find element: `#label-rate`, but never found it.",
                    "estack": "AssertionError: Timed out retrying after 10000ms: Expected to find element: `#label-rate`, but never found it.\n    at Context.eval (http://localhost:45205/__cypress/tests?p=cypress/integration/project.spec.js:320:10)",
                    "diff": null
                  },
                  "uuid": "c627e54a-7990-4103-aeaa-f7e8afc2df22",
                  "parentUUID": "dc0a6f3f-7066-4371-8437-48839f8330bc",
                  "isHook": false,
                  "skipped": false
                },
                {
                  "title": "O campo deve ser formado por dez radio buttons, contendo as opções de 1 a 10",
                  "fullTitle": "Trybewarts 14 - Crie campo de entrada para avaliar de 1 a 10 o nível de satisfação com a Trybewarts O campo deve ser formado por dez radio buttons, contendo as opções de 1 a 10",
                  "timedOut": null,
                  "duration": 10131,
                  "state": "failed",
                  "speed": null,
                  "pass": false,
                  "fail": true,
                  "pending": false,
                  "context": null,
                  "code": "cy.get('input[name=\"rate\"]').its('length').should('be.gt', 9);",
                  "err": {
                    "message": "AssertionError: Timed out retrying after 10000ms: Expected to find element: `input[name=\"rate\"]`, but never found it.",
                    "estack": "AssertionError: Timed out retrying after 10000ms: Expected to find element: `input[name=\"rate\"]`, but never found it.\n    at Context.eval (http://localhost:45205/__cypress/tests?p=cypress/integration/project.spec.js:323:10)",
                    "diff": null
                  },
                  "uuid": "0c7fff10-33d7-4a56-8119-4feb4b1ea4f1",
                  "parentUUID": "dc0a6f3f-7066-4371-8437-48839f8330bc",
                  "isHook": false,
                  "skipped": false
                }
              ],
              "suites": [],
              "passes": [],
              "failures": [
                "c627e54a-7990-4103-aeaa-f7e8afc2df22",
                "0c7fff10-33d7-4a56-8119-4feb4b1ea4f1"
              ],
              "pending": [],
              "skipped": [],
              "duration": 20248,
              "root": false,
              "rootEmpty": false,
              "_timeout": 2000
            },
            {
              "uuid": "4009aa52-5140-4502-bec2-67b6751701df",
              "title": "15 - Crie uma textarea com o id `textarea` e uma label com a classe `textarea` contendo o número máximo de caracteres igual à 500",
              "fullFile": "",
              "file": "",
              "beforeHooks": [],
              "afterHooks": [],
              "tests": [
                {
                  "title": "Uma label com a classe textarea e o texto \"Deixe seu comentário:\" deverá ser criado\" ",
                  "fullTitle": "Trybewarts 15 - Crie uma textarea com o id `textarea` e uma label com a classe `textarea` contendo o número máximo de caracteres igual à 500 Uma label com a classe textarea e o texto \"Deixe seu comentário:\" deverá ser criado\" ",
                  "timedOut": null,
                  "duration": 10176,
                  "state": "failed",
                  "speed": null,
                  "pass": false,
                  "fail": true,
                  "pending": false,
                  "context": null,
                  "code": "cy.get('.textarea').contains(LABEL_TEXTAREA);",
                  "err": {
                    "message": "AssertionError: Timed out retrying after 10000ms: Expected to find element: `.textarea`, but never found it.",
                    "estack": "AssertionError: Timed out retrying after 10000ms: Expected to find element: `.textarea`, but never found it.\n    at Context.eval (http://localhost:45205/__cypress/tests?p=cypress/integration/project.spec.js:328:10)",
                    "diff": null
                  },
                  "uuid": "823774e6-1b9d-47c0-a9db-3cfcf209406d",
                  "parentUUID": "4009aa52-5140-4502-bec2-67b6751701df",
                  "isHook": false,
                  "skipped": false
                },
                {
                  "title": "O campo textarea deverá ter o máximo de 500 caracteres",
                  "fullTitle": "Trybewarts 15 - Crie uma textarea com o id `textarea` e uma label com a classe `textarea` contendo o número máximo de caracteres igual à 500 O campo textarea deverá ter o máximo de 500 caracteres",
                  "timedOut": null,
                  "duration": 10177,
                  "state": "failed",
                  "speed": null,
                  "pass": false,
                  "fail": true,
                  "pending": false,
                  "context": null,
                  "code": "cy.get('textarea').type('text'.repeat(200));\ncy.get('textarea').invoke('val').should(value => {\n  expect(value).to.match(/^[a-z]{500}$/);\n});",
                  "err": {
                    "message": "AssertionError: Timed out retrying after 10000ms: Expected to find element: `textarea`, but never found it.",
                    "estack": "AssertionError: Timed out retrying after 10000ms: Expected to find element: `textarea`, but never found it.\n    at Context.eval (http://localhost:45205/__cypress/tests?p=cypress/integration/project.spec.js:331:10)",
                    "diff": null
                  },
                  "uuid": "ec3d9a00-fd40-492d-bfef-fdd7bf0a14cd",
                  "parentUUID": "4009aa52-5140-4502-bec2-67b6751701df",
                  "isHook": false,
                  "skipped": false
                }
              ],
              "suites": [],
              "passes": [],
              "failures": [
                "823774e6-1b9d-47c0-a9db-3cfcf209406d",
                "ec3d9a00-fd40-492d-bfef-fdd7bf0a14cd"
              ],
              "pending": [],
              "skipped": [],
              "duration": 20353,
              "root": false,
              "rootEmpty": false,
              "_timeout": 2000
            },
            {
              "uuid": "6422bb64-4d60-48a7-834e-0b0502b0cb51",
              "title": "16 - Crie um campo de entrada do tipo `checkbox` com o id `agreement` para validar as informações",
              "fullFile": "",
              "file": "",
              "beforeHooks": [],
              "afterHooks": [],
              "tests": [
                {
                  "title": "Uma label com o id \"label-infos\" deve possuir o texto \"Você concorda com o uso das informações acima?\"",
                  "fullTitle": "Trybewarts 16 - Crie um campo de entrada do tipo `checkbox` com o id `agreement` para validar as informações Uma label com o id \"label-infos\" deve possuir o texto \"Você concorda com o uso das informações acima?\"",
                  "timedOut": null,
                  "duration": 10217,
                  "state": "failed",
                  "speed": null,
                  "pass": false,
                  "fail": true,
                  "pending": false,
                  "context": null,
                  "code": "cy.get('label#label-infos').should('exist').contains('Você concorda com o uso das informações acima?');",
                  "err": {
                    "message": "AssertionError: Timed out retrying after 10000ms: Expected to find element: `label#label-infos`, but never found it.",
                    "estack": "AssertionError: Timed out retrying after 10000ms: Expected to find element: `label#label-infos`, but never found it.\n    at Context.eval (http://localhost:45205/__cypress/tests?p=cypress/integration/project.spec.js:339:35)",
                    "diff": null
                  },
                  "uuid": "78a51347-9f5b-445c-a663-399f9bbcc77f",
                  "parentUUID": "6422bb64-4d60-48a7-834e-0b0502b0cb51",
                  "isHook": false,
                  "skipped": false
                },
                {
                  "title": "Um input do tipo checkbox deve existir e deve possuir o id \"agreement\"",
                  "fullTitle": "Trybewarts 16 - Crie um campo de entrada do tipo `checkbox` com o id `agreement` para validar as informações Um input do tipo checkbox deve existir e deve possuir o id \"agreement\"",
                  "timedOut": null,
                  "duration": 10189,
                  "state": "failed",
                  "speed": null,
                  "pass": false,
                  "fail": true,
                  "pending": false,
                  "context": null,
                  "code": "cy.get('input#agreement[type=\"checkbox\"]').should('exist');",
                  "err": {
                    "message": "AssertionError: Timed out retrying after 10000ms: Expected to find element: `input#agreement[type=\"checkbox\"]`, but never found it.",
                    "estack": "AssertionError: Timed out retrying after 10000ms: Expected to find element: `input#agreement[type=\"checkbox\"]`, but never found it.\n    at Context.eval (http://localhost:45205/__cypress/tests?p=cypress/integration/project.spec.js:342:50)",
                    "diff": null
                  },
                  "uuid": "283b4e6c-eea5-4e7f-bf44-d0b70d272e4b",
                  "parentUUID": "6422bb64-4d60-48a7-834e-0b0502b0cb51",
                  "isHook": false,
                  "skipped": false
                }
              ],
              "suites": [],
              "passes": [],
              "failures": [
                "78a51347-9f5b-445c-a663-399f9bbcc77f",
                "283b4e6c-eea5-4e7f-bf44-d0b70d272e4b"
              ],
              "pending": [],
              "skipped": [],
              "duration": 20406,
              "root": false,
              "rootEmpty": false,
              "_timeout": 2000
            },
            {
              "uuid": "1d9940f7-dae1-4495-981c-1d66351a8b92",
              "title": "17 - Crie um botão de Enviar para submeter o formulário",
              "fullFile": "",
              "file": "",
              "beforeHooks": [],
              "afterHooks": [],
              "tests": [
                {
                  "title": "Deve existir um botão com o id \"submit-btn\" e o texto \"Enviar\"",
                  "fullTitle": "Trybewarts 17 - Crie um botão de Enviar para submeter o formulário Deve existir um botão com o id \"submit-btn\" e o texto \"Enviar\"",
                  "timedOut": null,
                  "duration": 10206,
                  "state": "failed",
                  "speed": null,
                  "pass": false,
                  "fail": true,
                  "pending": false,
                  "context": null,
                  "code": "cy.get('button#submit-btn[type=\"submit\"]').should('exist').should('have.text', 'Enviar');",
                  "err": {
                    "message": "AssertionError: Timed out retrying after 10000ms: Expected to find element: `button#submit-btn[type=\"submit\"]`, but never found it.",
                    "estack": "AssertionError: Timed out retrying after 10000ms: Expected to find element: `button#submit-btn[type=\"submit\"]`, but never found it.\n    at Context.eval (http://localhost:45205/__cypress/tests?p=cypress/integration/project.spec.js:347:50)",
                    "diff": null
                  },
                  "uuid": "3b53991d-4497-42f3-b9f7-4cf83d1b7941",
                  "parentUUID": "1d9940f7-dae1-4495-981c-1d66351a8b92",
                  "isHook": false,
                  "skipped": false
                }
              ],
              "suites": [],
              "passes": [],
              "failures": [
                "3b53991d-4497-42f3-b9f7-4cf83d1b7941"
              ],
              "pending": [],
              "skipped": [],
              "duration": 10206,
              "root": false,
              "rootEmpty": false,
              "_timeout": 2000
            },
            {
              "uuid": "55e11090-4963-429a-b790-339e9a5080c8",
              "title": "18 - Faça com que o botão `Enviar` seja habilitado somente após a checkbox do requisito 16 ser selecionada",
              "fullFile": "",
              "file": "",
              "beforeHooks": [],
              "afterHooks": [],
              "tests": [
                {
                  "title": "O botão deve inicialmente estar desabilitado",
                  "fullTitle": "Trybewarts 18 - Faça com que o botão `Enviar` seja habilitado somente após a checkbox do requisito 16 ser selecionada O botão deve inicialmente estar desabilitado",
                  "timedOut": null,
                  "duration": 10173,
                  "state": "failed",
                  "speed": null,
                  "pass": false,
                  "fail": true,
                  "pending": false,
                  "context": null,
                  "code": "cy.get('button#submit-btn').should('be.disabled');",
                  "err": {
                    "message": "AssertionError: Timed out retrying after 10000ms: Expected to find element: `button#submit-btn`, but never found it.",
                    "estack": "AssertionError: Timed out retrying after 10000ms: Expected to find element: `button#submit-btn`, but never found it.\n    at Context.eval (http://localhost:45205/__cypress/tests?p=cypress/integration/project.spec.js:352:35)",
                    "diff": null
                  },
                  "uuid": "3e1db468-c726-4ebf-bd2b-0a10e8a31cdb",
                  "parentUUID": "55e11090-4963-429a-b790-339e9a5080c8",
                  "isHook": false,
                  "skipped": false
                },
                {
                  "title": "Ao marcar o campo de confirmação, o botão de Enviar deve ser habilitado",
                  "fullTitle": "Trybewarts 18 - Faça com que o botão `Enviar` seja habilitado somente após a checkbox do requisito 16 ser selecionada Ao marcar o campo de confirmação, o botão de Enviar deve ser habilitado",
                  "timedOut": null,
                  "duration": 10193,
                  "state": "failed",
                  "speed": null,
                  "pass": false,
                  "fail": true,
                  "pending": false,
                  "context": null,
                  "code": "cy.get('input#agreement').check();\ncy.get('button#submit-btn').should('not.be.disabled');",
                  "err": {
                    "message": "AssertionError: Timed out retrying after 10000ms: Expected to find element: `input#agreement`, but never found it.",
                    "estack": "AssertionError: Timed out retrying after 10000ms: Expected to find element: `input#agreement`, but never found it.\n    at Context.eval (http://localhost:45205/__cypress/tests?p=cypress/integration/project.spec.js:355:10)",
                    "diff": null
                  },
                  "uuid": "19e44424-2c56-4349-838c-165c40a3c355",
                  "parentUUID": "55e11090-4963-429a-b790-339e9a5080c8",
                  "isHook": false,
                  "skipped": false
                }
              ],
              "suites": [],
              "passes": [],
              "failures": [
                "3e1db468-c726-4ebf-bd2b-0a10e8a31cdb",
                "19e44424-2c56-4349-838c-165c40a3c355"
              ],
              "pending": [],
              "skipped": [],
              "duration": 20366,
              "root": false,
              "rootEmpty": false,
              "_timeout": 2000
            },
            {
              "uuid": "edf01bdc-0e23-43c2-8484-63ec069d6978",
              "title": "19 - Crie um rodapé no final da página",
              "fullFile": "",
              "file": "",
              "beforeHooks": [],
              "afterHooks": [],
              "tests": [
                {
                  "title": "O rodapé deve conter o texto \"Direitos reservados à Trybewarts©\"",
                  "fullTitle": "Trybewarts 19 - Crie um rodapé no final da página O rodapé deve conter o texto \"Direitos reservados à Trybewarts©\"",
                  "timedOut": null,
                  "duration": 10178,
                  "state": "failed",
                  "speed": null,
                  "pass": false,
                  "fail": true,
                  "pending": false,
                  "context": null,
                  "code": "cy.get('footer').should('exist').contains('Direitos reservados à Trybewarts©');",
                  "err": {
                    "message": "AssertionError: Timed out retrying after 10000ms: Expected to find element: `footer`, but never found it.",
                    "estack": "AssertionError: Timed out retrying after 10000ms: Expected to find element: `footer`, but never found it.\n    at Context.eval (http://localhost:45205/__cypress/tests?p=cypress/integration/project.spec.js:361:24)",
                    "diff": null
                  },
                  "uuid": "bad2470c-b410-49d8-9579-616ecb39eb26",
                  "parentUUID": "edf01bdc-0e23-43c2-8484-63ec069d6978",
                  "isHook": false,
                  "skipped": false
                }
              ],
              "suites": [],
              "passes": [],
              "failures": [
                "bad2470c-b410-49d8-9579-616ecb39eb26"
              ],
              "pending": [],
              "skipped": [],
              "duration": 10178,
              "root": false,
              "rootEmpty": false,
              "_timeout": 2000
            },
            {
              "uuid": "00429626-ffb7-4bd5-b263-f4a6f25e1600",
              "title": "20 - Crie um contador com o ID `counter` contendo o número de caracteres disponíveis no textarea, variando de 500 até 0, que deverá ser atualizado a medida que algo for digitado na textarea",
              "fullFile": "",
              "file": "",
              "beforeHooks": [],
              "afterHooks": [],
              "tests": [
                {
                  "title": "Deve existir um contador com o ID \"counter\"",
                  "fullTitle": "Trybewarts 20 - Crie um contador com o ID `counter` contendo o número de caracteres disponíveis no textarea, variando de 500 até 0, que deverá ser atualizado a medida que algo for digitado na textarea Deve existir um contador com o ID \"counter\"",
                  "timedOut": null,
                  "duration": 10156,
                  "state": "failed",
                  "speed": null,
                  "pass": false,
                  "fail": true,
                  "pending": false,
                  "context": null,
                  "code": "cy.get('#counter').should('exist');",
                  "err": {
                    "message": "AssertionError: Timed out retrying after 10000ms: Expected to find element: `#counter`, but never found it.",
                    "estack": "AssertionError: Timed out retrying after 10000ms: Expected to find element: `#counter`, but never found it.\n    at Context.eval (http://localhost:45205/__cypress/tests?p=cypress/integration/project.spec.js:366:26)",
                    "diff": null
                  },
                  "uuid": "4a7f9898-9fa9-4fe2-879b-b22cbd92b07f",
                  "parentUUID": "00429626-ffb7-4bd5-b263-f4a6f25e1600",
                  "isHook": false,
                  "skipped": false
                },
                {
                  "title": "O contador de caracteres deve ser atualizado conforme o conteúdo do textarea muda.",
                  "fullTitle": "Trybewarts 20 - Crie um contador com o ID `counter` contendo o número de caracteres disponíveis no textarea, variando de 500 até 0, que deverá ser atualizado a medida que algo for digitado na textarea O contador de caracteres deve ser atualizado conforme o conteúdo do textarea muda.",
                  "timedOut": null,
                  "duration": 10203,
                  "state": "failed",
                  "speed": null,
                  "pass": false,
                  "fail": true,
                  "pending": false,
                  "context": null,
                  "code": "cy.get('#counter').contains('500');\ncy.get('#textarea').type('Salve salve família');\ncy.get('#counter').contains('481');\ncy.get('#textarea').clear();\ncy.get('#counter').should('contain', '500');\ncy.get('#textarea').type('Salve salve');\ncy.get('#counter').should('contain', '489');",
                  "err": {
                    "message": "AssertionError: Timed out retrying after 10000ms: Expected to find element: `#counter`, but never found it.",
                    "estack": "AssertionError: Timed out retrying after 10000ms: Expected to find element: `#counter`, but never found it.\n    at Context.eval (http://localhost:45205/__cypress/tests?p=cypress/integration/project.spec.js:369:10)",
                    "diff": null
                  },
                  "uuid": "7275f95b-8a73-4efb-8294-171975f41379",
                  "parentUUID": "00429626-ffb7-4bd5-b263-f4a6f25e1600",
                  "isHook": false,
                  "skipped": false
                }
              ],
              "suites": [],
              "passes": [],
              "failures": [
                "4a7f9898-9fa9-4fe2-879b-b22cbd92b07f",
                "7275f95b-8a73-4efb-8294-171975f41379"
              ],
              "pending": [],
              "skipped": [],
              "duration": 20359,
              "root": false,
              "rootEmpty": false,
              "_timeout": 2000
            },
            {
              "uuid": "0d9f7587-75d5-41c9-9132-03a97a84b87a",
              "title": "21 - Faça com que ao clicar no botão `Enviar`, o conteúdo do formulário seja substituído pelas informações preenchidas",
              "fullFile": "",
              "file": "",
              "beforeHooks": [],
              "afterHooks": [],
              "tests": [
                {
                  "title": "Deve haver um texto no modelo \"Nome: John Doe\" (substitua John Doe pelo nome e sobrenome preenchido no formulário)",
                  "fullTitle": "Trybewarts 21 - Faça com que ao clicar no botão `Enviar`, o conteúdo do formulário seja substituído pelas informações preenchidas Deve haver um texto no modelo \"Nome: John Doe\" (substitua John Doe pelo nome e sobrenome preenchido no formulário)",
                  "timedOut": null,
                  "duration": 11137,
                  "state": "failed",
                  "speed": null,
                  "pass": false,
                  "fail": true,
                  "pending": false,
                  "context": null,
                  "code": "cy.get('#form-data').contains(`Nome: ${firstName} ${lastName}`);",
                  "err": {
                    "message": "CypressError: Timed out retrying after 10050ms: `cy.check()` failed because this element:\n\n`<input type=\"radio\" name=\"family\" value=\"Backend\" id=\"Backend\">`\n\nis being covered by another element:\n\n`<div>...</div>`\n\nFix this problem, or use {force: true} to disable error checking.\n\nhttps://on.cypress.io/element-cannot-be-interacted-with\n\nBecause this error occurred during a `before each` hook we are skipping the remaining tests in the current suite: `21 - Faça com que ao clicar...`",
                    "estack": "CypressError: Timed out retrying after 10050ms: `cy.check()` failed because this element:\n\n`<input type=\"radio\" name=\"family\" value=\"Backend\" id=\"Backend\">`\n\nis being covered by another element:\n\n`<div>...</div>`\n\nFix this problem, or use {force: true} to disable error checking.\n\nhttps://on.cypress.io/element-cannot-be-interacted-with\n\nBecause this error occurred during a `before each` hook we are skipping the remaining tests in the current suite: `21 - Faça com que ao clicar...`\n    at $Cy.ensureDescendents (http://localhost:45205/__cypress/runner/cypress_runner.js:168125:78)\n    at ensureDescendents (http://localhost:45205/__cypress/runner/cypress_runner.js:154140:8)\n    at ensureDescendentsAndScroll (http://localhost:45205/__cypress/runner/cypress_runner.js:154147:14)\n    at ensureElIsNotCovered (http://localhost:45205/__cypress/runner/cypress_runner.js:154279:5)\n    at runAllChecks (http://localhost:45205/__cypress/runner/cypress_runner.js:154469:52)\n    at retryActionability (http://localhost:45205/__cypress/runner/cypress_runner.js:154493:16)\n    at tryCatcher (http://localhost:45205/__cypress/runner/cypress_runner.js:13022:23)\n    at Function.Promise.attempt.Promise.try (http://localhost:45205/__cypress/runner/cypress_runner.js:10296:29)\n    at whenStable (http://localhost:45205/__cypress/runner/cypress_runner.js:173538:65)\n    at http://localhost:45205/__cypress/runner/cypress_runner.js:172993:14\n    at tryCatcher (http://localhost:45205/__cypress/runner/cypress_runner.js:13022:23)\n    at Promise._settlePromiseFromHandler (http://localhost:45205/__cypress/runner/cypress_runner.js:10957:31)\n    at Promise._settlePromise (http://localhost:45205/__cypress/runner/cypress_runner.js:11014:18)\n    at Promise._settlePromise0 (http://localhost:45205/__cypress/runner/cypress_runner.js:11059:10)\n    at Promise._settlePromises (http://localhost:45205/__cypress/runner/cypress_runner.js:11139:18)\n    at Promise._fulfill (http://localhost:45205/__cypress/runner/cypress_runner.js:11083:18)\nFrom Your Spec Code:\n    at Context.eval (http://localhost:45205/__cypress/tests?p=cypress/integration/project.spec.js:402:23)",
                    "diff": null
                  },
                  "uuid": "1f953714-a81d-436c-8c11-42e6b289c859",
                  "parentUUID": "0d9f7587-75d5-41c9-9132-03a97a84b87a",
                  "isHook": false,
                  "skipped": false
                },
                {
                  "title": "Deve haver um texto no modelo \"Email: alguem@email.com\"",
                  "fullTitle": "Trybewarts 21 - Faça com que ao clicar no botão `Enviar`, o conteúdo do formulário seja substituído pelas informações preenchidas Deve haver um texto no modelo \"Email: alguem@email.com\"",
                  "timedOut": null,
                  "duration": 0,
                  "state": "skipped",
                  "speed": null,
                  "pass": false,
                  "fail": false,
                  "pending": false,
                  "context": null,
                  "code": "cy.get('#form-data').contains(`Email: ${email}`);",
                  "err": {},
                  "uuid": "2b0bba93-5ec8-44ad-aedc-91365a1606e5",
                  "parentUUID": "0d9f7587-75d5-41c9-9132-03a97a84b87a",
                  "isHook": false,
                  "skipped": true
                },
                {
                  "title": "Deve haver um texto no modelo \"Casa: -Casa marcada-\"",
                  "fullTitle": "Trybewarts 21 - Faça com que ao clicar no botão `Enviar`, o conteúdo do formulário seja substituído pelas informações preenchidas Deve haver um texto no modelo \"Casa: -Casa marcada-\"",
                  "timedOut": null,
                  "duration": 0,
                  "state": "skipped",
                  "speed": null,
                  "pass": false,
                  "fail": false,
                  "pending": false,
                  "context": null,
                  "code": "cy.get('#form-data').contains(`Casa: ${house}`);",
                  "err": {},
                  "uuid": "33137097-9333-47cd-8bc3-b816e2569196",
                  "parentUUID": "0d9f7587-75d5-41c9-9132-03a97a84b87a",
                  "isHook": false,
                  "skipped": true
                },
                {
                  "title": "Deve haver um texto no modelo \"Família: -Família marcada-\"",
                  "fullTitle": "Trybewarts 21 - Faça com que ao clicar no botão `Enviar`, o conteúdo do formulário seja substituído pelas informações preenchidas Deve haver um texto no modelo \"Família: -Família marcada-\"",
                  "timedOut": null,
                  "duration": 0,
                  "state": "skipped",
                  "speed": null,
                  "pass": false,
                  "fail": false,
                  "pending": false,
                  "context": null,
                  "code": "cy.get('#form-data').contains(`Família: ${family}`);",
                  "err": {},
                  "uuid": "c0e3c261-b70e-4e85-951c-bcb66a2346fa",
                  "parentUUID": "0d9f7587-75d5-41c9-9132-03a97a84b87a",
                  "isHook": false,
                  "skipped": true
                },
                {
                  "title": "Deve haver um texto no modelo \"Matérias: -Matérias marcadas-\"",
                  "fullTitle": "Trybewarts 21 - Faça com que ao clicar no botão `Enviar`, o conteúdo do formulário seja substituído pelas informações preenchidas Deve haver um texto no modelo \"Matérias: -Matérias marcadas-\"",
                  "timedOut": null,
                  "duration": 0,
                  "state": "skipped",
                  "speed": null,
                  "pass": false,
                  "fail": false,
                  "pending": false,
                  "context": null,
                  "code": "cy.get('#form-data').contains('Matérias: Jest, React, SQL');",
                  "err": {},
                  "uuid": "47830615-772c-4a88-bf0b-a8369c07bbb1",
                  "parentUUID": "0d9f7587-75d5-41c9-9132-03a97a84b87a",
                  "isHook": false,
                  "skipped": true
                },
                {
                  "title": "Deve haver um texto no modelo \"Avaliação: -Nota marcada-\"",
                  "fullTitle": "Trybewarts 21 - Faça com que ao clicar no botão `Enviar`, o conteúdo do formulário seja substituído pelas informações preenchidas Deve haver um texto no modelo \"Avaliação: -Nota marcada-\"",
                  "timedOut": null,
                  "duration": 0,
                  "state": "skipped",
                  "speed": null,
                  "pass": false,
                  "fail": false,
                  "pending": false,
                  "context": null,
                  "code": "cy.get('#form-data').contains(`Avaliação: ${rate}`);",
                  "err": {},
                  "uuid": "b90cbe80-e099-4b35-9172-abc99a83ce9d",
                  "parentUUID": "0d9f7587-75d5-41c9-9132-03a97a84b87a",
                  "isHook": false,
                  "skipped": true
                },
                {
                  "title": "Deve haver um texto no modelo \"Observações: -Texto preenchido-\"",
                  "fullTitle": "Trybewarts 21 - Faça com que ao clicar no botão `Enviar`, o conteúdo do formulário seja substituído pelas informações preenchidas Deve haver um texto no modelo \"Observações: -Texto preenchido-\"",
                  "timedOut": null,
                  "duration": 0,
                  "state": "skipped",
                  "speed": null,
                  "pass": false,
                  "fail": false,
                  "pending": false,
                  "context": null,
                  "code": "cy.get('#form-data').contains(`Observações: ${observation}`);",
                  "err": {},
                  "uuid": "0a3695ab-69c9-497b-a486-7ccca29d1e11",
                  "parentUUID": "0d9f7587-75d5-41c9-9132-03a97a84b87a",
                  "isHook": false,
                  "skipped": true
                },
                {
                  "title": "Ao enviar as informações, o formulário deve ser substituído pelas informações da pessoa usuária",
                  "fullTitle": "Trybewarts 21 - Faça com que ao clicar no botão `Enviar`, o conteúdo do formulário seja substituído pelas informações preenchidas Ao enviar as informações, o formulário deve ser substituído pelas informações da pessoa usuária",
                  "timedOut": null,
                  "duration": 0,
                  "state": "skipped",
                  "speed": null,
                  "pass": false,
                  "fail": false,
                  "pending": false,
                  "context": null,
                  "code": "cy.get('#evaluation-form').should('not.be.visible');",
                  "err": {},
                  "uuid": "b5b5e669-784e-464b-aefe-68b3da7b7534",
                  "parentUUID": "0d9f7587-75d5-41c9-9132-03a97a84b87a",
                  "isHook": false,
                  "skipped": true
                }
              ],
              "suites": [],
              "passes": [],
              "failures": [
                "1f953714-a81d-436c-8c11-42e6b289c859"
              ],
              "pending": [],
              "skipped": [
                "2b0bba93-5ec8-44ad-aedc-91365a1606e5",
                "33137097-9333-47cd-8bc3-b816e2569196",
                "c0e3c261-b70e-4e85-951c-bcb66a2346fa",
                "47830615-772c-4a88-bf0b-a8369c07bbb1",
                "b90cbe80-e099-4b35-9172-abc99a83ce9d",
                "0a3695ab-69c9-497b-a486-7ccca29d1e11",
                "b5b5e669-784e-464b-aefe-68b3da7b7534"
              ],
              "duration": 11137,
              "root": false,
              "rootEmpty": false,
              "_timeout": 2000
            }
          ],
          "passes": [],
          "failures": [],
          "pending": [],
          "skipped": [],
          "duration": 0,
          "root": false,
          "rootEmpty": false,
          "_timeout": 2000
        }
      ],
      "passes": [],
      "failures": [],
      "pending": [],
      "skipped": [],
      "duration": 0,
      "root": true,
      "rootEmpty": true,
      "_timeout": 2000
    }
  ],
  "meta": {
    "mocha": {
      "version": "7.0.1"
    },
    "mochawesome": {
      "options": {
        "quiet": false,
        "reportFilename": "mochawesome",
        "saveHtml": false,
        "saveJson": true,
        "consoleReporter": "spec",
        "useInlineDiffs": false,
        "code": true
      },
      "version": "6.2.2"
    },
    "marge": {
      "options": {
        "id": "default",
        "reportDir": "cypress/reports",
        "overwrite": false,
        "html": false,
        "json": true
      },
      "version": "5.2.0"
    }
  }
}