{"total": {"lines":{"total":87,"covered":36,"skipped":0,"pct":41.37},"statements":{"total":96,"covered":36,"skipped":0,"pct":37.5},"functions":{"total":32,"covered":8,"skipped":0,"pct":25},"branches":{"total":12,"covered":2,"skipped":0,"pct":16.66},"branchesTrue":{"total":0,"covered":0,"skipped":0,"pct":100}}
,"/home/Lucas/Projetos-Trybe/sd-025-a-project-starwars-planets-search/src/App.css": {"lines":{"total":1,"covered":1,"skipped":0,"pct":100},"functions":{"total":0,"covered":0,"skipped":0,"pct":100},"statements":{"total":1,"covered":1,"skipped":0,"pct":100},"branches":{"total":0,"covered":0,"skipped":0,"pct":100}}
,"/home/Lucas/Projetos-Trybe/sd-025-a-project-starwars-planets-search/src/App.js": {"lines":{"total":1,"covered":1,"skipped":0,"pct":100},"functions":{"total":1,"covered":1,"skipped":0,"pct":100},"statements":{"total":1,"covered":1,"skipped":0,"pct":100},"branches":{"total":0,"covered":0,"skipped":0,"pct":100}}
,"/home/Lucas/Projetos-Trybe/sd-025-a-project-starwars-planets-search/src/component/Filter.js": {"lines":{"total":27,"covered":12,"skipped":0,"pct":44.44},"functions":{"total":11,"covered":2,"skipped":0,"pct":18.18},"statements":{"total":29,"covered":12,"skipped":0,"pct":41.37},"branches":{"total":2,"covered":0,"skipped":0,"pct":0}}
,"/home/Lucas/Projetos-Trybe/sd-025-a-project-starwars-planets-search/src/component/Table.js": {"lines":{"total":4,"covered":2,"skipped":0,"pct":50},"functions":{"total":3,"covered":1,"skipped":0,"pct":33.33},"statements":{"total":4,"covered":2,"skipped":0,"pct":50},"branches":{"total":2,"covered":2,"skipped":0,"pct":100}}
,"/home/Lucas/Projetos-Trybe/sd-025-a-project-starwars-planets-search/src/context/Provider.js": {"lines":{"total":44,"covered":16,"skipped":0,"pct":36.36},"functions":{"total":16,"covered":3,"skipped":0,"pct":18.75},"statements":{"total":51,"covered":16,"skipped":0,"pct":31.37},"branches":{"total":8,"covered":0,"skipped":0,"pct":0}}
,"/home/Lucas/Projetos-Trybe/sd-025-a-project-starwars-planets-search/src/context/StarwarsContext.js": {"lines":{"total":1,"covered":1,"skipped":0,"pct":100},"functions":{"total":0,"covered":0,"skipped":0,"pct":100},"statements":{"total":1,"covered":1,"skipped":0,"pct":100},"branches":{"total":0,"covered":0,"skipped":0,"pct":100}}
,"/home/Lucas/Projetos-Trybe/sd-025-a-project-starwars-planets-search/src/services/requestAPI.js": {"lines":{"total":8,"covered":3,"skipped":0,"pct":37.5},"functions":{"total":1,"covered":1,"skipped":0,"pct":100},"statements":{"total":8,"covered":3,"skipped":0,"pct":37.5},"branches":{"total":0,"covered":0,"skipped":0,"pct":100}}
,"/home/Lucas/Projetos-Trybe/sd-025-a-project-starwars-planets-search/src/tests/mockAPI.js": {"lines":{"total":1,"covered":0,"skipped":0,"pct":0},"functions":{"total":0,"covered":0,"skipped":0,"pct":100},"statements":{"total":1,"covered":0,"skipped":0,"pct":0},"branches":{"total":0,"covered":0,"skipped":0,"pct":100}}
}
